D:\Ankang\Document\1000phone\node\spider\images/b8f492e316a04daf.jpg  vivo iQOO Neo5 高通骁龙870独立显示芯片 66W闪充 双模5G 电竞游戏智能手机 12GB 256GB夜影黑 官方标配  2969.00
D:\Ankang\Document\1000phone\node\spider\images/330d61c61b9381a2.jpg  OPPO Reno5 5G 6400万水光人像四摄 65W超级闪充  12+256GB 星河入梦 全网通手机  2999.00
D:\Ankang\Document\1000phone\node\spider\images/5b33ac76b2aaea9b.jpg  Redmi 9A 5000mAh大电量 大屏幕大字体大音量 1300万AI相机 八核处理器 人脸解锁 4GB+64GB 砂石黑 游戏智能手机 小米 红米  599.00
D:\Ankang\Document\1000phone\node\spider\images/ea6f19f4acfd3a67.jpg  vivo iQOO Neo5 12GB+256GB 像素橙 骁龙870 独立显示芯片 66W闪充 专业电竞游戏手机 双模5G全网通iqooneo5  2999.00
D:\Ankang\Document\1000phone\node\spider\images/67c387e1d0dc5c83.jpg  Redmi Note 9 4G 6000mAh大电池 骁龙662处理器  18W快充 羽墨黑 6GB+128GB 游戏智能手机 小米 红米  1049.00
D:\Ankang\Document\1000phone\node\spider\images/940b58b8b0e3bfd8.jpg  荣耀畅玩20 5000mAh超大电池续航 6.5英寸大屏  莱茵护眼 6GB+128GB 极光蓝 双卡双待 全网通  1099.00
D:\Ankang\Document\1000phone\node\spider\images/f60a95a9f1731200.jpg  京品手机	
Apple iPhone 11 (A2223) 128GB 白色 移动联通电信4G手机 双卡双待  4799.00
D:\Ankang\Document\1000phone\node\spider\images/d396a45c2b2870bd.jpg  小辣椒X11Pro安卓全网通新款水滴大屏人脸指纹识别双卡双待超薄一体老人拍照学生智能手机实用便宜 透明版 全网通（8G+256G）  879.00
D:\Ankang\Document\1000phone\node\spider\images/cfc4e2bed8aa8cb6.jpg  小米Redmi 红米Note9 5G手机【8重好礼】全网通 6G+128G 云墨灰  官方标配  1249.00
D:\Ankang\Document\1000phone\node\spider\images/70d9cc2f3507c418.jpg  vivo iQOO 7 12GB+256GB 传奇版 骁龙888 120W超快闪充 KPL官方赛事电竞手机 双模5G全网通vivoiqoo7  4198.00
D:\Ankang\Document\1000phone\node\spider\images/9a28034971309f0d.jpg  荣耀V40轻奢版 5G 超级快充 6400万超清四摄 8GB+128GB钛空银 移动联通电信5G 双卡双待手机  2999.00
D:\Ankang\Document\1000phone\node\spider\images/940d43d5f4e23d35.jpg  京品手机	
Redmi Note8 4800万全场景四摄 4000mAh长续航 高通骁龙665 18W快充 小金刚品质保证 6GB+128GB 皓月白 游戏智能手机 小米 红米  999.00
D:\Ankang\Document\1000phone\node\spider\images/1f4098b39c01c1f5.jpg  硕王SAILF M12pro 6.8英寸超薄侧指纹安卓智能手机 8+128G全网通 微Q多开老人界面 亮黑色【8+128GB】  689.00
D:\Ankang\Document\1000phone\node\spider\images/b0fe4cfb07693742.jpg  Redmi Note 9 5G 天玑800U  18W快充 4800万超清三摄 云墨灰 6GB+128GB 游戏智能手机 小米 红米  1299.00
D:\Ankang\Document\1000phone\node\spider\images/16bbd8b83bd11b9e.jpg  OPPO A93 8+256GB 极光 骁龙双模5G 超大存储 5000mAh大电池 18W疾速快充 90Hz高刷屏 4800万三摄 全面屏手机  1999.00
D:\Ankang\Document\1000phone\node\spider\images/56b4eabc00aa04c8.jpg  京品手机	
荣耀Play5T活力版 超级快充 5000mAh大电池 6.6英寸全面屏 全网通6GB+128GB极光蓝  1299.00
D:\Ankang\Document\1000phone\node\spider\images/cf20de24eb0e67a6.jpg  Apple iPhone 12 (A2404) 128GB 白色 支持移动联通电信5G 双卡双待手机  6799.00
D:\Ankang\Document\1000phone\node\spider\images/bb4d854e230a6b2c.jpg  京品手机	
realme 真我Q2 4800万像素 120Hz畅速屏 双5G天玑800U 冲浪蓝孩 6GB+128GB 30W闪充 手机 OPPO提供售后支持  1299.00
D:\Ankang\Document\1000phone\node\spider\images/31f676065e72b1bf.jpg  Redmi K40 旗舰骁龙870 三星AMOLED 120Hz高刷直屏 4800万高清三摄相机 33W快充 8GB+128GB 晴雪 游戏电竞智能5G手机 小米 红米  2199.00
D:\Ankang\Document\1000phone\node\spider\images/c8eeec682065f910.jpg  realme 真我GT Neo 天玑1200 6400万索尼主摄 50W智慧闪充 仅179g 最终幻想 12GB+256GB 双5g游戏手机GTNeo  2299.00
D:\Ankang\Document\1000phone\node\spider\images/3717b79161ec0cff.jpg  京品手机	
realme 真我Q3 骁龙750G 120Hz可变帧电竞屏 30W智慧闪充 5000mAh大电池 迷幻银 8GB+128GB realmeq3双5G手机  1399.00
D:\Ankang\Document\1000phone\node\spider\images/21cc5f7bd5b38454.jpg  京品手机	
Redmi K30S 至尊纪念版 双模5G 骁龙865 144HzLCD旗舰屏幕 8GB+256GB 月光银 游戏手机 小米 红米  2499.00
D:\Ankang\Document\1000phone\node\spider\images/d97e87a41d16d226.jpg  OPPO K7x 双模5G 4800万四摄 5000mAh长续航 90Hz电竞屏 云之彼端 6GB+128GB 30W闪充 全网通游戏智能手机  1399.00
D:\Ankang\Document\1000phone\node\spider\images/3fe355e37a476b50.jpg  OPPO Find X3 pro新品手机 【24期免息】 5G全网通 曲面屏手机 findx2升级款 Find X3 Pro 镜黑 12G+256G 标配【默认礼+两年保修+晒单返50】  5999.00
D:\Ankang\Document\1000phone\node\spider\images/d57b22a37a1b2c5f.jpg  诺基亚 NOKIA 215 4G 移动联通电信三网4G 黑色 直板按键 双卡双待 备用功能机 老人老年手机 学生备用机  249.00
D:\Ankang\Document\1000phone\node\spider\images/a2e900f693d6e973.jpg  Redmi Note 9 Pro 5G 一亿像素 骁龙750G 33W快充 120Hz刷新率 湖光秋色 8GB+128GB 游戏智能手机 小米 红米  1699.00
D:\Ankang\Document\1000phone\node\spider\images/de8a04c108597b4d.jpg  纽曼（Newman）W20全网通4G老人智能手机移动联通电信大屏学生老年备用机大图标大字体 绅士黑3+32G  379.00
D:\Ankang\Document\1000phone\node\spider\images/234caabb0e6aec49.jpg  Apple iPhone 12 Pro Max (A2412) 256GB 海蓝色 支持移动联通电信5G 双卡双待手机  10099.00
D:\Ankang\Document\1000phone\node\spider\images/a46c3b6509a38d51.jpg  vivo iQOO Z3 8GB+128GB 深空 高通骁龙768G 55W闪充 120Hz高刷竞速屏 6400万三摄 双模5G全网通手机iqooz3  1799.00
D:\Ankang\Document\1000phone\node\spider\images/02833d7ad8923fce.jpg  vivo iQOO U3x 高通骁龙八核强芯 5000mAh大电池 90Hz竞速屏 双模5G全网通 8GB+128GB 幻蓝 iqoou3x  1499.00
D:\Ankang\Document\1000phone\node\spider\images/b8f492e316a04daf.jpg  vivo iQOO Neo5 高通骁龙870独立显示芯片 66W闪充 双模5G 电竞游戏智能手机 12GB 256GB夜影黑 官方标配  2969.00
D:\Ankang\Document\1000phone\node\spider\images/cf20de24eb0e67a6.jpg  Apple iPhone 12 (A2404) 128GB 白色 支持移动联通电信5G 双卡双待手机  6799.00
D:\Ankang\Document\1000phone\node\spider\images/5b33ac76b2aaea9b.jpg  Redmi 9A 5000mAh大电量 大屏幕大字体大音量 1300万AI相机 八核处理器 人脸解锁 4GB+64GB 砂石黑 游戏智能手机 小米 红米  599.00
D:\Ankang\Document\1000phone\node\spider\images/b0fe4cfb07693742.jpg  Redmi Note 9 5G 天玑800U  18W快充 4800万超清三摄 云墨灰 6GB+128GB 游戏智能手机 小米 红米  1299.00
D:\Ankang\Document\1000phone\node\spider\images/70d9cc2f3507c418.jpg  vivo iQOO 7 12GB+256GB 传奇版 骁龙888 120W超快闪充 KPL官方赛事电竞手机 双模5G全网通vivoiqoo7  4198.00
D:\Ankang\Document\1000phone\node\spider\images/1f4098b39c01c1f5.jpg  硕王SAILF M12pro 6.8英寸超薄侧指纹安卓智能手机 8+128G全网通 微Q多开老人界面 亮黑色【8+128GB】  689.00
D:\Ankang\Document\1000phone\node\spider\images/940b58b8b0e3bfd8.jpg  荣耀畅玩20 5000mAh超大电池续航 6.5英寸大屏  莱茵护眼 6GB+128GB 极光蓝 双卡双待 全网通  1099.00
D:\Ankang\Document\1000phone\node\spider\images/67c387e1d0dc5c83.jpg  Redmi Note 9 4G 6000mAh大电池 骁龙662处理器  18W快充 羽墨黑 6GB+128GB 游戏智能手机 小米 红米  1049.00
D:\Ankang\Document\1000phone\node\spider\images/9a28034971309f0d.jpg  荣耀V40轻奢版 5G 超级快充 6400万超清四摄 8GB+128GB钛空银 移动联通电信5G 双卡双待手机  2989.00
D:\Ankang\Document\1000phone\node\spider\images/56b4eabc00aa04c8.jpg  京品手机	
荣耀Play5T活力版 超级快充 5000mAh大电池 6.6英寸全面屏 全网通6GB+128GB极光蓝  1299.00
D:\Ankang\Document\1000phone\node\spider\images/3fe355e37a476b50.jpg  OPPO Find X3 pro新品手机 【24期免息】 5G全网通 曲面屏手机 findx2升级款 Find X3 Pro 镜黑 12G+256G 标配【默认礼+两年保修+晒单返50】  5999.00
D:\Ankang\Document\1000phone\node\spider\images/a2e900f693d6e973.jpg  Redmi Note 9 Pro 5G 一亿像素 骁龙750G 33W快充 120Hz刷新率 湖光秋色 8GB+128GB 游戏智能手机 小米 红米  1699.00
D:\Ankang\Document\1000phone\node\spider\images/bb4d854e230a6b2c.jpg  京品手机	
realme 真我Q2 4800万像素 120Hz畅速屏 双5G天玑800U 冲浪蓝孩 6GB+128GB 30W闪充 手机 OPPO提供售后支持  1299.00
D:\Ankang\Document\1000phone\node\spider\images/ea6f19f4acfd3a67.jpg  vivo iQOO Neo5 12GB+256GB 像素橙 骁龙870 独立显示芯片 66W闪充 专业电竞游戏手机 双模5G全网通iqooneo5  2969.00
D:\Ankang\Document\1000phone\node\spider\images/c8eeec682065f910.jpg  realme 真我GT Neo 天玑1200 6400万索尼主摄 50W智慧闪充 仅179g 最终幻想 12GB+256GB 双5g游戏手机GTNeo  2299.00
D:\Ankang\Document\1000phone\node\spider\images/d396a45c2b2870bd.jpg  小辣椒X11Pro安卓全网通新款水滴大屏人脸指纹识别双卡双待超薄一体老人拍照学生智能手机实用便宜 透明版 全网通（8G+256G）  879.00
D:\Ankang\Document\1000phone\node\spider\images/f60a95a9f1731200.jpg  京品手机	
Apple iPhone 11 (A2223) 128GB 白色 移动联通电信4G手机 双卡双待  4799.00
D:\Ankang\Document\1000phone\node\spider\images/234caabb0e6aec49.jpg  Apple iPhone 12 Pro Max (A2412) 256GB 海蓝色 支持移动联通电信5G 双卡双待手机  10099.00
D:\Ankang\Document\1000phone\node\spider\images/940d43d5f4e23d35.jpg  京品手机	
Redmi Note8 4800万全场景四摄 4000mAh长续航 高通骁龙665 18W快充 小金刚品质保证 6GB+128GB 皓月白 游戏智能手机 小米 红米  999.00
D:\Ankang\Document\1000phone\node\spider\images/b8f492e316a04daf.jpg  vivo iQOO Neo5 高通骁龙870独立显示芯片 66W闪充 双模5G 电竞游戏智能手机 12GB 256GB夜影黑 官方标配  2999.00
D:\Ankang\Document\1000phone\node\spider\images/31f676065e72b1bf.jpg  Redmi K40 旗舰骁龙870 三星AMOLED 120Hz高刷直屏 4800万高清三摄相机 33W快充 8GB+128GB 晴雪 游戏电竞智能5G手机 小米 红米  2199.00
D:\Ankang\Document\1000phone\node\spider\images/16bbd8b83bd11b9e.jpg  OPPO A93 8+256GB 极光 骁龙双模5G 超大存储 5000mAh大电池 18W疾速快充 90Hz高刷屏 4800万三摄 全面屏手机  1999.00
D:\Ankang\Document\1000phone\node\spider\images/21cc5f7bd5b38454.jpg  京品手机	
Redmi K30S 至尊纪念版 双模5G 骁龙865 144HzLCD旗舰屏幕 8GB+256GB 月光银 游戏手机 小米 红米  2499.00
D:\Ankang\Document\1000phone\node\spider\images/a46c3b6509a38d51.jpg  vivo iQOO Z3 8GB+128GB 深空 高通骁龙768G 55W闪充 120Hz高刷竞速屏 6400万三摄 双模5G全网通手机iqooz3  1749.00
D:\Ankang\Document\1000phone\node\spider\images/d97e87a41d16d226.jpg  OPPO K7x 双模5G 4800万四摄 5000mAh长续航 90Hz电竞屏 云之彼端 6GB+128GB 30W闪充 全网通游戏智能手机  1399.00
D:\Ankang\Document\1000phone\node\spider\images/02833d7ad8923fce.jpg  vivo iQOO U3x 高通骁龙八核强芯 5000mAh大电池 90Hz竞速屏 双模5G全网通 8GB+128GB 幻蓝 iqoou3x  1499.00
D:\Ankang\Document\1000phone\node\spider\images/d57b22a37a1b2c5f.jpg  诺基亚 NOKIA 215 4G 移动联通电信三网4G 黑色 直板按键 双卡双待 备用功能机 老人老年手机 学生备用机  289.00
D:\Ankang\Document\1000phone\node\spider\images/3717b79161ec0cff.jpg  京品手机	
realme 真我Q3 骁龙750G 120Hz可变帧电竞屏 30W智慧闪充 5000mAh大电池 迷幻银 8GB+128GB realmeq3双5G手机  1399.00
D:\Ankang\Document\1000phone\node\spider\images/cfc4e2bed8aa8cb6.jpg  小米Redmi 红米Note9 5G手机【8重好礼】全网通 6G+128G 云墨灰  官方标配  1249.00
D:\Ankang\Document\1000phone\node\spider\images/b65214092f9277e0.jpg  朵唯（DOOV）P9 Pro全网通128G智能手机 双待双待 智能游戏手机学生手机 天空之境【8GB+128G】  699.00
D:\Ankang\Document\1000phone\node\spider\images/9ad5c0befcfae280.jpg  OPPO Reno5 5G 6400万水光人像四摄 65W超级闪充  12+256GB 星河入梦 全网通手机  2899.00
D:\Ankang\Document\1000phone\node\spider\images/5b33ac76b2aaea9b.jpg  Redmi 9A 5000mAh大电量 大屏幕大字体大音量 1300万AI相机 八核处理器 人脸解锁 4GB+64GB 砂石黑 游戏智能手机 小米 红米  599.00
D:\Ankang\Document\1000phone\node\spider\images/c8eeec682065f910.jpg  realme 真我GT Neo 天玑1200 6400万索尼主摄 50W智慧闪充 仅179g 最终幻想 12GB+256GB 双5g游戏手机GTNeo  2299.00
D:\Ankang\Document\1000phone\node\spider\images/cf20de24eb0e67a6.jpg  Apple iPhone 12 (A2404) 128GB 白色 支持移动联通电信5G 双卡双待手机  6799.00
D:\Ankang\Document\1000phone\node\spider\images/f60a95a9f1731200.jpg  京品手机	
Apple iPhone 11 (A2223) 128GB 白色 移动联通电信4G手机 双卡双待  4799.00
D:\Ankang\Document\1000phone\node\spider\images/31f676065e72b1bf.jpg  Redmi K40 旗舰骁龙870 三星AMOLED 120Hz高刷直屏 4800万高清三摄相机 33W快充 8GB+128GB 晴雪 游戏电竞智能5G手机 小米 红米  2199.00
D:\Ankang\Document\1000phone\node\spider\images/9a28034971309f0d.jpg  荣耀V40轻奢版 5G 超级快充 6400万超清四摄 8GB+128GB钛空银 移动联通电信5G 双卡双待手机  2989.00
D:\Ankang\Document\1000phone\node\spider\images/67c387e1d0dc5c83.jpg  Redmi Note 9 4G 6000mAh大电池 骁龙662处理器  18W快充 羽墨黑 6GB+128GB 游戏智能手机 小米 红米  1049.00
D:\Ankang\Document\1000phone\node\spider\images/56b4eabc00aa04c8.jpg  京品手机	
荣耀Play5T活力版 超级快充 5000mAh大电池 6.6英寸全面屏 全网通6GB+128GB极光蓝  1299.00
D:\Ankang\Document\1000phone\node\spider\images/ea6f19f4acfd3a67.jpg  vivo iQOO Neo5 12GB+256GB 像素橙 骁龙870 独立显示芯片 66W闪充 专业电竞游戏手机 双模5G全网通iqooneo5  2969.00
D:\Ankang\Document\1000phone\node\spider\images/b0fe4cfb07693742.jpg  Redmi Note 9 5G 天玑800U  18W快充 4800万超清三摄 云墨灰 6GB+128GB 游戏智能手机 小米 红米  1299.00
D:\Ankang\Document\1000phone\node\spider\images/1f4098b39c01c1f5.jpg  硕王SAILF M12pro 6.8英寸超薄侧指纹安卓智能手机 8+128G全网通 微Q多开老人界面 亮黑色【8+128GB】  689.00
D:\Ankang\Document\1000phone\node\spider\images/70d9cc2f3507c418.jpg  vivo iQOO 7 12GB+256GB 传奇版 骁龙888 120W超快闪充 KPL官方赛事电竞手机 双模5G全网通vivoiqoo7  4198.00
D:\Ankang\Document\1000phone\node\spider\images/bb4d854e230a6b2c.jpg  京品手机	
realme 真我Q2 4800万像素 120Hz畅速屏 双5G天玑800U 冲浪蓝孩 6GB+128GB 30W闪充 手机 OPPO提供售后支持  1299.00
D:\Ankang\Document\1000phone\node\spider\images/cfc4e2bed8aa8cb6.jpg  小米Redmi 红米Note9 5G手机【8重好礼】全网通 6G+128G 云墨灰  官方标配  1249.00
D:\Ankang\Document\1000phone\node\spider\images/d97e87a41d16d226.jpg  OPPO K7x 双模5G 4800万四摄 5000mAh长续航 90Hz电竞屏 云之彼端 6GB+128GB 30W闪充 全网通游戏智能手机  1399.00
D:\Ankang\Document\1000phone\node\spider\images/21cc5f7bd5b38454.jpg  京品手机	
Redmi K30S 至尊纪念版 双模5G 骁龙865 144HzLCD旗舰屏幕 8GB+256GB 月光银 游戏手机 小米 红米  2499.00
D:\Ankang\Document\1000phone\node\spider\images/d396a45c2b2870bd.jpg  小辣椒X11Pro安卓全网通新款水滴大屏人脸指纹识别双卡双待超薄一体老人拍照学生智能手机实用便宜 透明版 全网通（8G+256G）  879.00
D:\Ankang\Document\1000phone\node\spider\images/234caabb0e6aec49.jpg  Apple iPhone 12 Pro Max (A2412) 256GB 海蓝色 支持移动联通电信5G 双卡双待手机  10099.00
D:\Ankang\Document\1000phone\node\spider\images/a2e900f693d6e973.jpg  Redmi Note 9 Pro 5G 一亿像素 骁龙750G 33W快充 120Hz刷新率 湖光秋色 8GB+128GB 游戏智能手机 小米 红米  1699.00
D:\Ankang\Document\1000phone\node\spider\images/3fe355e37a476b50.jpg  OPPO Find X3 pro新品手机 【24期免息】 5G全网通 曲面屏手机 findx2升级款 Find X3 Pro 镜黑 12G+256G 标配【默认礼+两年保修+晒单返50】  5999.00
D:\Ankang\Document\1000phone\node\spider\images/940b58b8b0e3bfd8.jpg  荣耀畅玩20 5000mAh超大电池续航 6.5英寸大屏  莱茵护眼 6GB+128GB 极光蓝 双卡双待 全网通  1099.00
D:\Ankang\Document\1000phone\node\spider\images/940d43d5f4e23d35.jpg  京品手机	
Redmi Note8 4800万全场景四摄 4000mAh长续航 高通骁龙665 18W快充 小金刚品质保证 6GB+128GB 皓月白 游戏智能手机 小米 红米  999.00
D:\Ankang\Document\1000phone\node\spider\images/16bbd8b83bd11b9e.jpg  OPPO A93 8+256GB 极光 骁龙双模5G 超大存储 5000mAh大电池 18W疾速快充 90Hz高刷屏 4800万三摄 全面屏手机  1999.00
D:\Ankang\Document\1000phone\node\spider\images/b65214092f9277e0.jpg  朵唯（DOOV）P9 Pro全网通128G智能手机 双待双待 智能游戏手机学生手机 天空之境【8GB+128G】  699.00
D:\Ankang\Document\1000phone\node\spider\images/02833d7ad8923fce.jpg  vivo iQOO U3x 高通骁龙八核强芯 5000mAh大电池 90Hz竞速屏 双模5G全网通 8GB+128GB 幻蓝 iqoou3x  1499.00
D:\Ankang\Document\1000phone\node\spider\images/a46c3b6509a38d51.jpg  vivo iQOO Z3 8GB+128GB 深空 高通骁龙768G 55W闪充 120Hz高刷竞速屏 6400万三摄 双模5G全网通手机iqooz3  1749.00
D:\Ankang\Document\1000phone\node\spider\images/b8f492e316a04daf.jpg  vivo iQOO Neo5 高通骁龙870独立显示芯片 66W闪充 双模5G 电竞游戏智能手机 12GB 256GB夜影黑 官方标配  2999.00
D:\Ankang\Document\1000phone\node\spider\images/9ad5c0befcfae280.jpg  OPPO Reno5 5G 6400万水光人像四摄 65W超级闪充  12+256GB 星河入梦 全网通手机  2899.00
D:\Ankang\Document\1000phone\node\spider\images/d57b22a37a1b2c5f.jpg  诺基亚 NOKIA 215 4G 移动联通电信三网4G 黑色 直板按键 双卡双待 备用功能机 老人老年手机 学生备用机  289.00
D:\Ankang\Document\1000phone\node\spider\images/3717b79161ec0cff.jpg  京品手机	
realme 真我Q3 骁龙750G 120Hz可变帧电竞屏 30W智慧闪充 5000mAh大电池 迷幻银 8GB+128GB realmeq3双5G手机  1399.00
D:\Ankang\Document\1000phone\node\spider\images/f60a95a9f1731200.jpg  京品手机	
Apple iPhone 11 (A2223) 128GB 白色 移动联通电信4G手机 双卡双待  4799.00
D:\Ankang\Document\1000phone\node\spider\images/b0fe4cfb07693742.jpg  Redmi Note 9 5G 天玑800U  18W快充 4800万超清三摄 云墨灰 6GB+128GB 游戏智能手机 小米 红米  1299.00
D:\Ankang\Document\1000phone\node\spider\images/ea6f19f4acfd3a67.jpg  vivo iQOO Neo5 12GB+256GB 像素橙 骁龙870 独立显示芯片 66W闪充 专业电竞游戏手机 双模5G全网通iqooneo5  2969.00
D:\Ankang\Document\1000phone\node\spider\images/5b33ac76b2aaea9b.jpg  Redmi 9A 5000mAh大电量 大屏幕大字体大音量 1300万AI相机 八核处理器 人脸解锁 4GB+64GB 砂石黑 游戏智能手机 小米 红米  599.00
D:\Ankang\Document\1000phone\node\spider\images/cf20de24eb0e67a6.jpg  Apple iPhone 12 (A2404) 128GB 白色 支持移动联通电信5G 双卡双待手机  6799.00
D:\Ankang\Document\1000phone\node\spider\images/9a28034971309f0d.jpg  荣耀V40轻奢版 5G 超级快充 6400万超清四摄 8GB+128GB钛空银 移动联通电信5G 双卡双待手机  2989.00
D:\Ankang\Document\1000phone\node\spider\images/67c387e1d0dc5c83.jpg  Redmi Note 9 4G 6000mAh大电池 骁龙662处理器  18W快充 羽墨黑 6GB+128GB 游戏智能手机 小米 红米  1049.00
D:\Ankang\Document\1000phone\node\spider\images/21cc5f7bd5b38454.jpg  京品手机	
Redmi K30S 至尊纪念版 双模5G 骁龙865 144HzLCD旗舰屏幕 8GB+256GB 月光银 游戏手机 小米 红米  2499.00
D:\Ankang\Document\1000phone\node\spider\images/c8eeec682065f910.jpg  realme 真我GT Neo 天玑1200 6400万索尼主摄 50W智慧闪充 仅179g 最终幻想 12GB+256GB 双5g游戏手机GTNeo  2299.00
D:\Ankang\Document\1000phone\node\spider\images/b65214092f9277e0.jpg  朵唯（DOOV）P9 Pro全网通128G智能手机 双待双待 智能游戏手机学生手机 天空之境【8GB+128G】  699.00
D:\Ankang\Document\1000phone\node\spider\images/16bbd8b83bd11b9e.jpg  OPPO A93 8+256GB 极光 骁龙双模5G 超大存储 5000mAh大电池 18W疾速快充 90Hz高刷屏 4800万三摄 全面屏手机  1999.00
D:\Ankang\Document\1000phone\node\spider\images/56b4eabc00aa04c8.jpg  京品手机	
荣耀Play5T活力版 超级快充 5000mAh大电池 6.6英寸全面屏 全网通6GB+128GB极光蓝  1299.00
D:\Ankang\Document\1000phone\node\spider\images/cfc4e2bed8aa8cb6.jpg  小米Redmi 红米Note9 5G手机【8重好礼】全网通 6G+128G 云墨灰  官方标配  1249.00
D:\Ankang\Document\1000phone\node\spider\images/31f676065e72b1bf.jpg  Redmi K40 旗舰骁龙870 三星AMOLED 120Hz高刷直屏 4800万高清三摄相机 33W快充 8GB+128GB 晴雪 游戏电竞智能5G手机 小米 红米  2199.00
D:\Ankang\Document\1000phone\node\spider\images/3fe355e37a476b50.jpg  OPPO Find X3 pro新品手机 【24期免息】 5G全网通 曲面屏手机 findx2升级款 Find X3 镜黑 8G+128G 标配【默认礼+两年保修+晒单返50】  4499.00
D:\Ankang\Document\1000phone\node\spider\images/a2e900f693d6e973.jpg  Redmi Note 9 Pro 5G 一亿像素 骁龙750G 33W快充 120Hz刷新率 湖光秋色 8GB+128GB 游戏智能手机 小米 红米  1699.00
D:\Ankang\Document\1000phone\node\spider\images/b8f492e316a04daf.jpg  vivo iQOO Neo5 高通骁龙870独立显示芯片 66W闪充 双模5G 电竞游戏智能手机 12GB 256GB夜影黑 官方标配  2999.00
D:\Ankang\Document\1000phone\node\spider\images/70d9cc2f3507c418.jpg  vivo iQOO 7 12GB+256GB 传奇版 骁龙888 120W超快闪充 KPL官方赛事电竞手机 双模5G全网通vivoiqoo7  4198.00
D:\Ankang\Document\1000phone\node\spider\images/1f4098b39c01c1f5.jpg  硕王SAILF M12pro 6.8英寸超薄侧指纹安卓智能手机 8+128G全网通 微Q多开老人界面 亮黑色【8+128GB】  689.00
D:\Ankang\Document\1000phone\node\spider\images/3717b79161ec0cff.jpg  京品手机	
realme 真我Q3 骁龙750G 120Hz可变帧电竞屏 30W智慧闪充 5000mAh大电池 迷幻银 8GB+128GB realmeq3双5G手机  1399.00
D:\Ankang\Document\1000phone\node\spider\images/d396a45c2b2870bd.jpg  小辣椒X11Pro安卓全网通新款水滴大屏人脸指纹识别双卡双待超薄一体老人拍照学生智能手机实用便宜 透明版 全网通（8G+256G）  879.00
D:\Ankang\Document\1000phone\node\spider\images/940b58b8b0e3bfd8.jpg  荣耀畅玩20 5000mAh超大电池续航 6.5英寸大屏  莱茵护眼 6GB+128GB 极光蓝 双卡双待 全网通  1099.00
D:\Ankang\Document\1000phone\node\spider\images/bb4d854e230a6b2c.jpg  京品手机	
realme 真我Q2 4800万像素 120Hz畅速屏 双5G天玑800U 冲浪蓝孩 6GB+128GB 30W闪充 手机 OPPO提供售后支持  1299.00
D:\Ankang\Document\1000phone\node\spider\images/d57b22a37a1b2c5f.jpg  诺基亚 NOKIA 215 4G 移动联通电信三网4G 黑色 直板按键 双卡双待 备用功能机 老人老年手机 学生备用机  289.00
D:\Ankang\Document\1000phone\node\spider\images/d97e87a41d16d226.jpg  OPPO K7x 双模5G 4800万四摄 5000mAh长续航 90Hz电竞屏 云之彼端 6GB+128GB 30W闪充 全网通游戏智能手机  1399.00
D:\Ankang\Document\1000phone\node\spider\images/234caabb0e6aec49.jpg  Apple iPhone 12 Pro Max (A2412) 256GB 海蓝色 支持移动联通电信5G 双卡双待手机  10099.00
D:\Ankang\Document\1000phone\node\spider\images/02833d7ad8923fce.jpg  vivo iQOO U3x 高通骁龙八核强芯 5000mAh大电池 90Hz竞速屏 双模5G全网通 8GB+128GB 幻蓝 iqoou3x  1499.00
D:\Ankang\Document\1000phone\node\spider\images/a46c3b6509a38d51.jpg  vivo iQOO Z3 8GB+128GB 深空 高通骁龙768G 55W闪充 120Hz高刷竞速屏 6400万三摄 双模5G全网通手机iqooz3  1749.00
D:\Ankang\Document\1000phone\node\spider\images/940d43d5f4e23d35.jpg  京品手机	
Redmi Note8 4800万全场景四摄 4000mAh长续航 高通骁龙665 18W快充 小金刚品质保证 6GB+128GB 皓月白 游戏智能手机 小米 红米  999.00
D:\Ankang\Document\1000phone\node\spider\images/9ad5c0befcfae280.jpg  OPPO Reno5 5G 6400万水光人像四摄 65W超级闪充  12+256GB 星河入梦 全网通手机  2899.00
D:\Ankang\Document\1000phone\node\spider\images/67c387e1d0dc5c83.jpg  Redmi Note 9 4G 6000mAh大电池 骁龙662处理器  18W快充 羽墨黑 6GB+128GB 游戏智能手机 小米 红米  1049.00
D:\Ankang\Document\1000phone\node\spider\images/1f4098b39c01c1f5.jpg  硕王SAILF M12pro 6.8英寸超薄侧指纹安卓智能手机 8+128G全网通 微Q多开老人界面 亮黑色【8+128GB】  689.00
D:\Ankang\Document\1000phone\node\spider\images/5b33ac76b2aaea9b.jpg  Redmi 9A 5000mAh大电量 大屏幕大字体大音量 1300万AI相机 八核处理器 人脸解锁 4GB+64GB 砂石黑 游戏智能手机 小米 红米  599.00
D:\Ankang\Document\1000phone\node\spider\images/a2e900f693d6e973.jpg  Redmi Note 9 Pro 5G 一亿像素 骁龙750G 33W快充 120Hz刷新率 湖光秋色 8GB+128GB 游戏智能手机 小米 红米  1699.00
D:\Ankang\Document\1000phone\node\spider\images/31f676065e72b1bf.jpg  Redmi K40 旗舰骁龙870 三星AMOLED 120Hz高刷直屏 4800万高清三摄相机 33W快充 8GB+128GB 晴雪 游戏电竞智能5G手机 小米 红米  2199.00
D:\Ankang\Document\1000phone\node\spider\images/cf20de24eb0e67a6.jpg  Apple iPhone 12 (A2404) 128GB 白色 支持移动联通电信5G 双卡双待手机  6799.00
D:\Ankang\Document\1000phone\node\spider\images/ea6f19f4acfd3a67.jpg  vivo iQOO Neo5 12GB+256GB 像素橙 骁龙870 独立显示芯片 66W闪充 专业电竞游戏手机 双模5G全网通iqooneo5  2969.00
D:\Ankang\Document\1000phone\node\spider\images/f60a95a9f1731200.jpg  京品手机	
Apple iPhone 11 (A2223) 128GB 白色 移动联通电信4G手机 双卡双待  4799.00
D:\Ankang\Document\1000phone\node\spider\images/c8eeec682065f910.jpg  realme 真我GT Neo 天玑1200 6400万索尼主摄 50W智慧闪充 仅179g 最终幻想 12GB+256GB 双5g游戏手机GTNeo  2299.00
D:\Ankang\Document\1000phone\node\spider\images/940d43d5f4e23d35.jpg  京品手机	
Redmi Note8 4800万全场景四摄 4000mAh长续航 高通骁龙665 18W快充 小金刚品质保证 6GB+128GB 皓月白 游戏智能手机 小米 红米  999.00
D:\Ankang\Document\1000phone\node\spider\images/21cc5f7bd5b38454.jpg  京品手机	
Redmi K30S 至尊纪念版 双模5G 骁龙865 144HzLCD旗舰屏幕 8GB+256GB 月光银 游戏手机 小米 红米  2499.00
D:\Ankang\Document\1000phone\node\spider\images/b8f492e316a04daf.jpg  vivo iQOO Neo5 高通骁龙870独立显示芯片 66W闪充 双模5G 电竞游戏智能手机 12GB 256GB夜影黑 官方标配  2999.00
D:\Ankang\Document\1000phone\node\spider\images/70d9cc2f3507c418.jpg  vivo iQOO 7 12GB+256GB 传奇版 骁龙888 120W超快闪充 KPL官方赛事电竞手机 双模5G全网通vivoiqoo7  4198.00
D:\Ankang\Document\1000phone\node\spider\images/56b4eabc00aa04c8.jpg  京品手机	
荣耀Play5T活力版 超级快充 5000mAh大电池 6.6英寸全面屏 全网通6GB+128GB极光蓝  1299.00
D:\Ankang\Document\1000phone\node\spider\images/9ad5c0befcfae280.jpg  OPPO Reno5 5G 6400万水光人像四摄 65W超级闪充  12+256GB 星河入梦 全网通手机  2899.00
D:\Ankang\Document\1000phone\node\spider\images/b0fe4cfb07693742.jpg  Redmi Note 9 5G 天玑800U  18W快充 4800万超清三摄 云墨灰 6GB+128GB 游戏智能手机 小米 红米  1299.00
D:\Ankang\Document\1000phone\node\spider\images/3717b79161ec0cff.jpg  京品手机	
realme 真我Q3 骁龙750G 120Hz可变帧电竞屏 30W智慧闪充 5000mAh大电池 迷幻银 8GB+128GB realmeq3双5G手机  1399.00
D:\Ankang\Document\1000phone\node\spider\images/940b58b8b0e3bfd8.jpg  荣耀畅玩20 5000mAh超大电池续航 6.5英寸大屏  莱茵护眼 6GB+128GB 极光蓝 双卡双待 全网通  1099.00
D:\Ankang\Document\1000phone\node\spider\images/b65214092f9277e0.jpg  朵唯（DOOV）P9 Pro全网通128G智能手机 双待双待 智能游戏手机学生手机 天空之境【8GB+128G】  699.00
D:\Ankang\Document\1000phone\node\spider\images/234caabb0e6aec49.jpg  Apple iPhone 12 Pro Max (A2412) 256GB 海蓝色 支持移动联通电信5G 双卡双待手机  10099.00
D:\Ankang\Document\1000phone\node\spider\images/9a28034971309f0d.jpg  荣耀V40轻奢版 5G 超级快充 6400万超清四摄 8GB+128GB钛空银 移动联通电信5G 双卡双待手机  2989.00
D:\Ankang\Document\1000phone\node\spider\images/d97e87a41d16d226.jpg  OPPO K7x 双模5G 4800万四摄 5000mAh长续航 90Hz电竞屏 云之彼端 6GB+128GB 30W闪充 全网通游戏智能手机  1399.00
D:\Ankang\Document\1000phone\node\spider\images/a46c3b6509a38d51.jpg  vivo iQOO Z3 8GB+128GB 深空 高通骁龙768G 55W闪充 120Hz高刷竞速屏 6400万三摄 双模5G全网通手机iqooz3  1749.00
D:\Ankang\Document\1000phone\node\spider\images/d57b22a37a1b2c5f.jpg  诺基亚 NOKIA 215 4G 移动联通电信三网4G 黑色 直板按键 双卡双待 备用功能机 老人老年手机 学生备用机  289.00
D:\Ankang\Document\1000phone\node\spider\images/bb4d854e230a6b2c.jpg  京品手机	
realme 真我Q2 4800万像素 120Hz畅速屏 双5G天玑800U 冲浪蓝孩 6GB+128GB 30W闪充 手机 OPPO提供售后支持  1299.00
D:\Ankang\Document\1000phone\node\spider\images/02833d7ad8923fce.jpg  vivo iQOO U3x 高通骁龙八核强芯 5000mAh大电池 90Hz竞速屏 双模5G全网通 8GB+128GB 幻蓝 iqoou3x  1499.00
D:\Ankang\Document\1000phone\node\spider\images/cfc4e2bed8aa8cb6.jpg  小米Redmi 红米Note9 5G手机【8重好礼】全网通 6G+128G 云墨灰  官方标配  1249.00
D:\Ankang\Document\1000phone\node\spider\images/16bbd8b83bd11b9e.jpg  OPPO A93 8+256GB 极光 骁龙双模5G 超大存储 5000mAh大电池 18W疾速快充 90Hz高刷屏 4800万三摄 全面屏手机  1999.00
D:\Ankang\Document\1000phone\node\spider\images/d396a45c2b2870bd.jpg  小辣椒X11Pro安卓全网通新款水滴大屏人脸指纹识别双卡双待超薄一体老人拍照学生智能手机实用便宜 透明版 全网通（8G+256G）  879.00
D:\Ankang\Document\1000phone\node\spider\images/3fe355e37a476b50.jpg  OPPO Find X3 pro新品手机 【24期免息】 5G全网通 曲面屏手机 findx2升级款 Find X3 Pro 镜黑 12G+256G 标配【默认礼+两年保修+晒单返50】  5999.00
D:\Ankang\Document\1000phone\node\spider\images/cf20de24eb0e67a6.jpg  Apple iPhone 12 (A2404) 128GB 白色 支持移动联通电信5G 双卡双待手机  6799.00
D:\Ankang\Document\1000phone\node\spider\images/5b33ac76b2aaea9b.jpg  Redmi 9A 5000mAh大电量 大屏幕大字体大音量 1300万AI相机 八核处理器 人脸解锁 4GB+64GB 砂石黑 游戏智能手机 小米 红米  599.00
D:\Ankang\Document\1000phone\node\spider\images/9ad5c0befcfae280.jpg  OPPO Reno5 5G 6400万水光人像四摄 65W超级闪充  12+256GB 星河入梦 全网通手机  2899.00
D:\Ankang\Document\1000phone\node\spider\images/a46c3b6509a38d51.jpg  vivo iQOO Z3 8GB+128GB 深空 高通骁龙768G 55W闪充 120Hz高刷竞速屏 6400万三摄 双模5G全网通手机iqooz3  1749.00
D:\Ankang\Document\1000phone\node\spider\images/f60a95a9f1731200.jpg  京品手机	
Apple iPhone 11 (A2223) 128GB 白色 移动联通电信4G手机 双卡双待  4799.00
D:\Ankang\Document\1000phone\node\spider\images/56b4eabc00aa04c8.jpg  京品手机	
荣耀Play5T活力版 超级快充 5000mAh大电池 6.6英寸全面屏 全网通6GB+128GB极光蓝  1299.00
D:\Ankang\Document\1000phone\node\spider\images/ea6f19f4acfd3a67.jpg  vivo iQOO Neo5 12GB+256GB 像素橙 骁龙870 独立显示芯片 66W闪充 专业电竞游戏手机 双模5G全网通iqooneo5  2969.00
D:\Ankang\Document\1000phone\node\spider\images/9a28034971309f0d.jpg  荣耀V40轻奢版 5G 超级快充 6400万超清四摄 8GB+128GB钛空银 移动联通电信5G 双卡双待手机  2989.00
D:\Ankang\Document\1000phone\node\spider\images/6dfa0e6845e25c77.jpg  OPPO K9 5G新品手机 【立减100】 高通骁龙游戏拍照 K7x升级版 oppok9 8G+128G 黑桃K 全网通标配【两年保修+晒单返20】  1999.00
D:\Ankang\Document\1000phone\node\spider\images/b0fe4cfb07693742.jpg  Redmi Note 9 5G 天玑800U  18W快充 4800万超清三摄 云墨灰 6GB+128GB 游戏智能手机 小米 红米  1299.00
D:\Ankang\Document\1000phone\node\spider\images/cfc4e2bed8aa8cb6.jpg  小米Redmi 红米Note9 5G手机【8重好礼】全网通 6G+128G 云墨灰  官方标配  1249.00
D:\Ankang\Document\1000phone\node\spider\images/a2e900f693d6e973.jpg  Redmi Note 9 Pro 5G 一亿像素 骁龙750G 33W快充 120Hz刷新率 湖光秋色 8GB+128GB 游戏智能手机 小米 红米  1699.00
D:\Ankang\Document\1000phone\node\spider\images/940b58b8b0e3bfd8.jpg  荣耀畅玩20 5000mAh超大电池续航 6.5英寸大屏  莱茵护眼 6GB+128GB 极光蓝 双卡双待 全网通  1099.00
D:\Ankang\Document\1000phone\node\spider\images/c8eeec682065f910.jpg  realme 真我GT Neo 天玑1200 6400万索尼主摄 50W智慧闪充 仅179g 最终幻想 12GB+256GB 双5g游戏手机GTNeo  2299.00
D:\Ankang\Document\1000phone\node\spider\images/1f4098b39c01c1f5.jpg  硕王SAILF M12pro 6.8英寸超薄侧指纹安卓智能手机 8+128G全网通 微Q多开老人界面 亮黑色【8+128GB】  689.00
D:\Ankang\Document\1000phone\node\spider\images/234caabb0e6aec49.jpg  Apple iPhone 12 Pro Max (A2412) 256GB 海蓝色 支持移动联通电信5G 双卡双待手机  10099.00
D:\Ankang\Document\1000phone\node\spider\images/16bbd8b83bd11b9e.jpg  OPPO A93 8+256GB 极光 骁龙双模5G 超大存储 5000mAh大电池 18W疾速快充 90Hz高刷屏 4800万三摄 全面屏手机  1999.00
D:\Ankang\Document\1000phone\node\spider\images/21cc5f7bd5b38454.jpg  京品手机	
Redmi K30S 至尊纪念版 双模5G 骁龙865 144HzLCD旗舰屏幕 8GB+256GB 月光银 游戏手机 小米 红米  2499.00
D:\Ankang\Document\1000phone\node\spider\images/bb4d854e230a6b2c.jpg  京品手机	
realme 真我Q2 4800万像素 120Hz畅速屏 双5G天玑800U 冲浪蓝孩 6GB+128GB 30W闪充 手机 OPPO提供售后支持  1299.00
D:\Ankang\Document\1000phone\node\spider\images/d57b22a37a1b2c5f.jpg  诺基亚 NOKIA 215 4G 移动联通电信三网4G 黑色 直板按键 双卡双待 备用功能机 老人老年手机 学生备用机  289.00
D:\Ankang\Document\1000phone\node\spider\images/940d43d5f4e23d35.jpg  京品手机	
Redmi Note8 4800万全场景四摄 4000mAh长续航 高通骁龙665 18W快充 小金刚品质保证 6GB+128GB 皓月白 游戏智能手机 小米 红米  999.00
D:\Ankang\Document\1000phone\node\spider\images/70d9cc2f3507c418.jpg  vivo iQOO 7 12GB+256GB 传奇版 骁龙888 120W超快闪充 KPL官方赛事电竞手机 双模5G全网通vivoiqoo7  4198.00
D:\Ankang\Document\1000phone\node\spider\images/02833d7ad8923fce.jpg  vivo iQOO U3x 高通骁龙八核强芯 5000mAh大电池 90Hz竞速屏 双模5G全网通 8GB+128GB 幻蓝 iqoou3x  1499.00
D:\Ankang\Document\1000phone\node\spider\images/d396a45c2b2870bd.jpg  小辣椒X11Pro安卓全网通新款水滴大屏人脸指纹识别双卡双待超薄一体老人拍照学生智能手机实用便宜 透明版 全网通（8G+256G）  879.00
D:\Ankang\Document\1000phone\node\spider\images/3717b79161ec0cff.jpg  京品手机	
realme 真我Q3 骁龙750G 120Hz可变帧电竞屏 30W智慧闪充 5000mAh大电池 迷幻银 8GB+128GB realmeq3双5G手机  1399.00
D:\Ankang\Document\1000phone\node\spider\images/31f676065e72b1bf.jpg  Redmi K40 旗舰骁龙870 三星AMOLED 120Hz高刷直屏 4800万高清三摄相机 33W快充 8GB+128GB 晴雪 游戏电竞智能5G手机 小米 红米  2199.00
D:\Ankang\Document\1000phone\node\spider\images/b8f492e316a04daf.jpg  vivo iQOO Neo5 高通骁龙870独立显示芯片 66W闪充 双模5G 电竞游戏智能手机 12GB 256GB夜影黑 官方标配  2999.00
D:\Ankang\Document\1000phone\node\spider\images/d97e87a41d16d226.jpg  OPPO K7x 双模5G 4800万四摄 5000mAh长续航 90Hz电竞屏 云之彼端 6GB+128GB 30W闪充 全网通游戏智能手机  1399.00
D:\Ankang\Document\1000phone\node\spider\images/67c387e1d0dc5c83.jpg  Redmi Note 9 4G 6000mAh大电池 骁龙662处理器  18W快充 羽墨黑 6GB+128GB 游戏智能手机 小米 红米  1049.00
D:\Ankang\Document\1000phone\node\spider\images/b65214092f9277e0.jpg  朵唯（DOOV）P9 Pro全网通128G智能手机 双待双待 智能游戏手机学生手机 天空之境【8GB+128G】  699.00
D:\Ankang\Document\1000phone\node\spider\images/cf20de24eb0e67a6.jpg  Apple iPhone 12 (A2404) 128GB 白色 支持移动联通电信5G 双卡双待手机  6799.00
D:\Ankang\Document\1000phone\node\spider\images/1f4098b39c01c1f5.jpg  硕王SAILF M12pro 6.8英寸超薄侧指纹安卓智能手机 8+128G全网通 微Q多开老人界面 亮黑色【8+128GB】  689.00
D:\Ankang\Document\1000phone\node\spider\images/6dfa0e6845e25c77.jpg  OPPO K9 5G新品手机 【立减100】 高通骁龙游戏拍照 K7x升级版 oppok9 8G+128G 黑桃K 全网通标配【两年保修+晒单返20】  1999.00
D:\Ankang\Document\1000phone\node\spider\images/5b33ac76b2aaea9b.jpg  Redmi 9A 5000mAh大电量 大屏幕大字体大音量 1300万AI相机 八核处理器 人脸解锁 4GB+64GB 砂石黑 游戏智能手机 小米 红米  599.00
D:\Ankang\Document\1000phone\node\spider\images/ea6f19f4acfd3a67.jpg  vivo iQOO Neo5 12GB+256GB 像素橙 骁龙870 独立显示芯片 66W闪充 专业电竞游戏手机 双模5G全网通iqooneo5  2969.00
D:\Ankang\Document\1000phone\node\spider\images/9ad5c0befcfae280.jpg  OPPO Reno5 5G 6400万水光人像四摄 65W超级闪充  12+256GB 星河入梦 全网通手机  2899.00
D:\Ankang\Document\1000phone\node\spider\images/b8f492e316a04daf.jpg  vivo iQOO Neo5 高通骁龙870独立显示芯片 66W闪充 双模5G 电竞游戏智能手机 12GB 256GB夜影黑 官方标配  2999.00
D:\Ankang\Document\1000phone\node\spider\images/31f676065e72b1bf.jpg  Redmi K40 旗舰骁龙870 三星AMOLED 120Hz高刷直屏 4800万高清三摄相机 33W快充 8GB+128GB 晴雪 游戏电竞智能5G手机 小米 红米  2199.00
D:\Ankang\Document\1000phone\node\spider\images/a2e900f693d6e973.jpg  Redmi Note 9 Pro 5G 一亿像素 骁龙750G 33W快充 120Hz刷新率 湖光秋色 8GB+128GB 游戏智能手机 小米 红米  1699.00
D:\Ankang\Document\1000phone\node\spider\images/c8eeec682065f910.jpg  realme 真我GT Neo 天玑1200 6400万索尼主摄 50W智慧闪充 仅179g 最终幻想 12GB+256GB 双5g游戏手机GTNeo  2299.00
D:\Ankang\Document\1000phone\node\spider\images/f60a95a9f1731200.jpg  京品手机	
Apple iPhone 11 (A2223) 128GB 白色 移动联通电信4G手机 双卡双待  4799.00
D:\Ankang\Document\1000phone\node\spider\images/67c387e1d0dc5c83.jpg  Redmi Note 9 4G 6000mAh大电池 骁龙662处理器  18W快充 羽墨黑 6GB+128GB 游戏智能手机 小米 红米  1049.00
D:\Ankang\Document\1000phone\node\spider\images/a46c3b6509a38d51.jpg  vivo iQOO Z3 8GB+128GB 深空 高通骁龙768G 55W闪充 120Hz高刷竞速屏 6400万三摄 双模5G全网通手机iqooz3  1749.00
D:\Ankang\Document\1000phone\node\spider\images/56b4eabc00aa04c8.jpg  京品手机	
荣耀Play5T活力版 超级快充 5000mAh大电池 6.6英寸全面屏 全网通6GB+128GB极光蓝  1299.00
D:\Ankang\Document\1000phone\node\spider\images/16bbd8b83bd11b9e.jpg  OPPO A93 8+256GB 极光 骁龙双模5G 超大存储 5000mAh大电池 18W疾速快充 90Hz高刷屏 4800万三摄 全面屏手机  1999.00
D:\Ankang\Document\1000phone\node\spider\images/b65214092f9277e0.jpg  朵唯（DOOV）P9 Pro全网通128G智能手机 双待双待 智能游戏手机学生手机 天空之境【8GB+128G】  699.00
D:\Ankang\Document\1000phone\node\spider\images/d396a45c2b2870bd.jpg  小辣椒X11Pro安卓全网通新款水滴大屏人脸指纹识别双卡双待超薄一体老人拍照学生智能手机实用便宜 透明版 全网通（8G+256G）  879.00
D:\Ankang\Document\1000phone\node\spider\images/bb4d854e230a6b2c.jpg  京品手机	
realme 真我Q2 4800万像素 120Hz畅速屏 双5G天玑800U 冲浪蓝孩 6GB+128GB 30W闪充 手机 OPPO提供售后支持  1299.00
D:\Ankang\Document\1000phone\node\spider\images/234caabb0e6aec49.jpg  Apple iPhone 12 Pro Max (A2412) 256GB 海蓝色 支持移动联通电信5G 双卡双待手机  10099.00
D:\Ankang\Document\1000phone\node\spider\images/21cc5f7bd5b38454.jpg  京品手机	
Redmi K30S 至尊纪念版 双模5G 骁龙865 144HzLCD旗舰屏幕 8GB+256GB 月光银 游戏手机 小米 红米  2499.00
D:\Ankang\Document\1000phone\node\spider\images/940b58b8b0e3bfd8.jpg  荣耀畅玩20 5000mAh超大电池续航 6.5英寸大屏  莱茵护眼 6GB+128GB 极光蓝 双卡双待 全网通  1099.00
D:\Ankang\Document\1000phone\node\spider\images/70d9cc2f3507c418.jpg  vivo iQOO 7 12GB+256GB 传奇版 骁龙888 120W超快闪充 KPL官方赛事电竞手机 双模5G全网通vivoiqoo7  4198.00
D:\Ankang\Document\1000phone\node\spider\images/9a28034971309f0d.jpg  荣耀V40轻奢版 5G 超级快充 6400万超清四摄 8GB+128GB钛空银 移动联通电信5G 双卡双待手机  2989.00
D:\Ankang\Document\1000phone\node\spider\images/b0fe4cfb07693742.jpg  Redmi Note 9 5G 天玑800U  18W快充 4800万超清三摄 云墨灰 6GB+128GB 游戏智能手机 小米 红米  1299.00
D:\Ankang\Document\1000phone\node\spider\images/cfc4e2bed8aa8cb6.jpg  小米Redmi 红米Note9 5G手机【8重好礼】全网通 6G+128G 云墨灰  官方标配  1249.00
D:\Ankang\Document\1000phone\node\spider\images/d97e87a41d16d226.jpg  OPPO K7x 双模5G 4800万四摄 5000mAh长续航 90Hz电竞屏 云之彼端 6GB+128GB 30W闪充 全网通游戏智能手机  1399.00
D:\Ankang\Document\1000phone\node\spider\images/940d43d5f4e23d35.jpg  京品手机	
Redmi Note8 4800万全场景四摄 4000mAh长续航 高通骁龙665 18W快充 小金刚品质保证 6GB+128GB 皓月白 游戏智能手机 小米 红米  999.00
D:\Ankang\Document\1000phone\node\spider\images/02833d7ad8923fce.jpg  vivo iQOO U3x 高通骁龙八核强芯 5000mAh大电池 90Hz竞速屏 双模5G全网通 8GB+128GB 幻蓝 iqoou3x  1499.00
D:\Ankang\Document\1000phone\node\spider\images/3717b79161ec0cff.jpg  京品手机	
realme 真我Q3 骁龙750G 120Hz可变帧电竞屏 30W智慧闪充 5000mAh大电池 迷幻银 8GB+128GB realmeq3双5G手机  1399.00
D:\Ankang\Document\1000phone\node\spider\images/d57b22a37a1b2c5f.jpg  诺基亚 NOKIA 215 4G 移动联通电信三网4G 黑色 直板按键 双卡双待 备用功能机 老人老年手机 学生备用机  289.00
D:\Ankang\Document\1000phone\node\spider\images/9a28034971309f0d.jpg  荣耀V40轻奢版 5G 超级快充 6400万超清四摄 8GB+128GB钛空银 移动联通电信5G 双卡双待手机  2989.00
D:\Ankang\Document\1000phone\node\spider\images/f60a95a9f1731200.jpg  京品手机	
Apple iPhone 11 (A2223) 128GB 白色 移动联通电信4G手机 双卡双待  4799.00
D:\Ankang\Document\1000phone\node\spider\images/cfc4e2bed8aa8cb6.jpg  小米Redmi 红米Note9 5G手机【8重好礼】全网通 6G+128G 云墨灰  官方标配  1249.00
D:\Ankang\Document\1000phone\node\spider\images/8cadabebb7f39687.jpg  小米Redmi 红米Note9 手机【8重好礼】4G全网通 4G+128G 羽墨黑 官方标配  969.00
D:\Ankang\Document\1000phone\node\spider\images/ea6f19f4acfd3a67.jpg  vivo iQOO Neo5 12GB+256GB 像素橙 骁龙870 独立显示芯片 66W闪充 专业电竞游戏手机 双模5G全网通iqooneo5  2969.00
D:\Ankang\Document\1000phone\node\spider\images/a2e900f693d6e973.jpg  Redmi Note 9 Pro 5G 一亿像素 骁龙750G 33W快充 120Hz刷新率 湖光秋色 8GB+128GB 游戏智能手机 小米 红米  1699.00
D:\Ankang\Document\1000phone\node\spider\images/3717b79161ec0cff.jpg  京品手机	
realme 真我Q3 骁龙750G 120Hz可变帧电竞屏 30W智慧闪充 5000mAh大电池 迷幻银 8GB+128GB realmeq3双5G手机  1399.00
D:\Ankang\Document\1000phone\node\spider\images/67c387e1d0dc5c83.jpg  Redmi Note 9 4G 6000mAh大电池 骁龙662处理器  18W快充 羽墨黑 6GB+128GB 游戏智能手机 小米 红米  1049.00
D:\Ankang\Document\1000phone\node\spider\images/bb4d854e230a6b2c.jpg  京品手机	
realme 真我Q2 4800万像素 120Hz畅速屏 双5G天玑800U 冲浪蓝孩 6GB+128GB 30W闪充 手机 OPPO提供售后支持  1299.00
D:\Ankang\Document\1000phone\node\spider\images/1f4098b39c01c1f5.jpg  硕王SAILF M12pro 6.8英寸超薄侧指纹安卓智能手机 8+128G全网通 微Q多开老人界面 亮黑色【8+128GB】  689.00
D:\Ankang\Document\1000phone\node\spider\images/940d43d5f4e23d35.jpg  京品手机	
Redmi Note8 4800万全场景四摄 4000mAh长续航 高通骁龙665 18W快充 小金刚品质保证 6GB+128GB 皓月白 游戏智能手机 小米 红米  999.00
D:\Ankang\Document\1000phone\node\spider\images/cf20de24eb0e67a6.jpg  Apple iPhone 12 (A2404) 128GB 白色 支持移动联通电信5G 双卡双待手机  6799.00
D:\Ankang\Document\1000phone\node\spider\images/5b33ac76b2aaea9b.jpg  Redmi 9A 5000mAh大电量 大屏幕大字体大音量 1300万AI相机 八核处理器 人脸解锁 4GB+64GB 砂石黑 游戏智能手机 小米 红米  599.00
D:\Ankang\Document\1000phone\node\spider\images/70d9cc2f3507c418.jpg  vivo iQOO 7 12GB+256GB 传奇版 骁龙888 120W超快闪充 KPL官方赛事电竞手机 双模5G全网通vivoiqoo7  4198.00
D:\Ankang\Document\1000phone\node\spider\images/c8eeec682065f910.jpg  realme 真我GT Neo 天玑1200 6400万索尼主摄 50W智慧闪充 仅179g 最终幻想 12GB+256GB 双5g游戏手机GTNeo  2299.00
D:\Ankang\Document\1000phone\node\spider\images/b65214092f9277e0.jpg  朵唯（DOOV）P9 Pro全网通128G智能手机 双待双待 智能游戏手机学生手机 天空之境【8GB+128G】  699.00
D:\Ankang\Document\1000phone\node\spider\images/b0fe4cfb07693742.jpg  Redmi Note 9 5G 天玑800U  18W快充 4800万超清三摄 云墨灰 6GB+128GB 游戏智能手机 小米 红米  1299.00
D:\Ankang\Document\1000phone\node\spider\images/02833d7ad8923fce.jpg  vivo iQOO U3x 高通骁龙八核强芯 5000mAh大电池 90Hz竞速屏 双模5G全网通 8GB+128GB 幻蓝 iqoou3x  1499.00
D:\Ankang\Document\1000phone\node\spider\images/56b4eabc00aa04c8.jpg  京品手机	
荣耀Play5T活力版 超级快充 5000mAh大电池 6.6英寸全面屏 全网通6GB+128GB极光蓝  1299.00
D:\Ankang\Document\1000phone\node\spider\images/d396a45c2b2870bd.jpg  小辣椒X11Pro安卓全网通新款水滴大屏人脸指纹识别双卡双待超薄一体老人拍照学生智能手机实用便宜 透明版 全网通（8G+256G）  879.00
D:\Ankang\Document\1000phone\node\spider\images/b8f492e316a04daf.jpg  vivo iQOO Neo5 高通骁龙870独立显示芯片 66W闪充 双模5G 电竞游戏智能手机 12GB 256GB夜影黑 官方标配  2999.00
D:\Ankang\Document\1000phone\node\spider\images/9ad5c0befcfae280.jpg  OPPO Reno5 5G 6400万水光人像四摄 65W超级闪充  12+256GB 星河入梦 全网通手机  2899.00
D:\Ankang\Document\1000phone\node\spider\images/a46c3b6509a38d51.jpg  vivo iQOO Z3 8GB+128GB 深空 高通骁龙768G 55W闪充 120Hz高刷竞速屏 6400万三摄 双模5G全网通手机iqooz3  1749.00
D:\Ankang\Document\1000phone\node\spider\images/21cc5f7bd5b38454.jpg  京品手机	
Redmi K30S 至尊纪念版 双模5G 骁龙865 144HzLCD旗舰屏幕 8GB+256GB 月光银 游戏手机 小米 红米  2499.00
D:\Ankang\Document\1000phone\node\spider\images/16bbd8b83bd11b9e.jpg  OPPO A93 8+256GB 极光 骁龙双模5G 超大存储 5000mAh大电池 18W疾速快充 90Hz高刷屏 4800万三摄 全面屏手机  1999.00
D:\Ankang\Document\1000phone\node\spider\images/31f676065e72b1bf.jpg  Redmi K40 旗舰骁龙870 三星AMOLED 120Hz高刷直屏 4800万高清三摄相机 33W快充 8GB+128GB 晴雪 游戏电竞智能5G手机 小米 红米  2199.00
D:\Ankang\Document\1000phone\node\spider\images/d97e87a41d16d226.jpg  OPPO K7x 双模5G 4800万四摄 5000mAh长续航 90Hz电竞屏 云之彼端 6GB+128GB 30W闪充 全网通游戏智能手机  1399.00
D:\Ankang\Document\1000phone\node\spider\images/234caabb0e6aec49.jpg  Apple iPhone 12 Pro Max (A2412) 256GB 海蓝色 支持移动联通电信5G 双卡双待手机  10099.00
D:\Ankang\Document\1000phone\node\spider\images/3fe355e37a476b50.jpg  OPPO Find X3 pro新品手机 【24期免息】 5G全网通 曲面屏手机 findx2升级款 Find X3 镜黑 8G+128G 标配【默认礼+两年保修+晒单返50】  4499.00
D:\Ankang\Document\1000phone\node\spider\images/940b58b8b0e3bfd8.jpg  荣耀畅玩20 5000mAh超大电池续航 6.5英寸大屏  莱茵护眼 6GB+128GB 极光蓝 双卡双待 全网通  1099.00
D:\Ankang\Document\1000phone\node\spider\images/f60a95a9f1731200.jpg  京品手机	
Apple iPhone 11 (A2223) 128GB 白色 移动联通电信4G手机 双卡双待  4799.00
D:\Ankang\Document\1000phone\node\spider\images/cf20de24eb0e67a6.jpg  Apple iPhone 12 (A2404) 128GB 白色 支持移动联通电信5G 双卡双待手机  6799.00
D:\Ankang\Document\1000phone\node\spider\images/b0fe4cfb07693742.jpg  Redmi Note 9 5G 天玑800U  18W快充 4800万超清三摄 云墨灰 6GB+128GB 游戏智能手机 小米 红米  1299.00
D:\Ankang\Document\1000phone\node\spider\images/ea6f19f4acfd3a67.jpg  vivo iQOO Neo5 12GB+256GB 像素橙 骁龙870 独立显示芯片 66W闪充 专业电竞游戏手机 双模5G全网通iqooneo5  2969.00
D:\Ankang\Document\1000phone\node\spider\images/5b33ac76b2aaea9b.jpg  Redmi 9A 5000mAh大电量 大屏幕大字体大音量 1300万AI相机 八核处理器 人脸解锁 4GB+64GB 砂石黑 游戏智能手机 小米 红米  599.00
D:\Ankang\Document\1000phone\node\spider\images/9ad5c0befcfae280.jpg  OPPO Reno5 5G 6400万水光人像四摄 65W超级闪充  12+256GB 星河入梦 全网通手机  2899.00
D:\Ankang\Document\1000phone\node\spider\images/a2e900f693d6e973.jpg  Redmi Note 9 Pro 5G 一亿像素 骁龙750G 33W快充 120Hz刷新率 湖光秋色 8GB+128GB 游戏智能手机 小米 红米  1699.00
D:\Ankang\Document\1000phone\node\spider\images/70d9cc2f3507c418.jpg  vivo iQOO 7 12GB+256GB 传奇版 骁龙888 120W超快闪充 KPL官方赛事电竞手机 双模5G全网通vivoiqoo7  4198.00
D:\Ankang\Document\1000phone\node\spider\images/940b58b8b0e3bfd8.jpg  荣耀畅玩20 5000mAh超大电池续航 6.5英寸大屏  莱茵护眼 6GB+128GB 极光蓝 双卡双待 全网通  1099.00
D:\Ankang\Document\1000phone\node\spider\images/1f4098b39c01c1f5.jpg  硕王SAILF M12pro 6.8英寸超薄侧指纹安卓智能手机 8+128G全网通 微Q多开老人界面 亮黑色【8+128GB】  689.00
D:\Ankang\Document\1000phone\node\spider\images/56b4eabc00aa04c8.jpg  京品手机	
荣耀Play5T活力版 超级快充 5000mAh大电池 6.6英寸全面屏 全网通6GB+128GB极光蓝  1299.00
D:\Ankang\Document\1000phone\node\spider\images/31f676065e72b1bf.jpg  Redmi K40 旗舰骁龙870 三星AMOLED 120Hz高刷直屏 4800万高清三摄相机 33W快充 8GB+128GB 晴雪 游戏电竞智能5G手机 小米 红米  2199.00
D:\Ankang\Document\1000phone\node\spider\images/67c387e1d0dc5c83.jpg  Redmi Note 9 4G 6000mAh大电池 骁龙662处理器  18W快充 羽墨黑 6GB+128GB 游戏智能手机 小米 红米  1049.00
D:\Ankang\Document\1000phone\node\spider\images/b65214092f9277e0.jpg  朵唯（DOOV）P9 Pro全网通128G智能手机 双待双待 智能游戏手机学生手机 天空之境【8GB+128G】  699.00
D:\Ankang\Document\1000phone\node\spider\images/d396a45c2b2870bd.jpg  小辣椒X11Pro安卓全网通新款水滴大屏人脸指纹识别双卡双待超薄一体老人拍照学生智能手机实用便宜 透明版 全网通（8G+256G）  879.00
D:\Ankang\Document\1000phone\node\spider\images/940d43d5f4e23d35.jpg  京品手机	
Redmi Note8 4800万全场景四摄 4000mAh长续航 高通骁龙665 18W快充 小金刚品质保证 6GB+128GB 皓月白 游戏智能手机 小米 红米  999.00
D:\Ankang\Document\1000phone\node\spider\images/a46c3b6509a38d51.jpg  vivo iQOO Z3 8GB+128GB 深空 高通骁龙768G 55W闪充 120Hz高刷竞速屏 6400万三摄 双模5G全网通手机iqooz3  1749.00
D:\Ankang\Document\1000phone\node\spider\images/c8eeec682065f910.jpg  realme 真我GT Neo 天玑1200 6400万索尼主摄 50W智慧闪充 仅179g 最终幻想 12GB+256GB 双5g游戏手机GTNeo  2299.00
D:\Ankang\Document\1000phone\node\spider\images/16bbd8b83bd11b9e.jpg  OPPO A93 8+256GB 极光 骁龙双模5G 超大存储 5000mAh大电池 18W疾速快充 90Hz高刷屏 4800万三摄 全面屏手机  1999.00
D:\Ankang\Document\1000phone\node\spider\images/3fe355e37a476b50.jpg  OPPO Find X3 pro新品手机 【24期免息】 5G全网通 曲面屏手机 findx2升级款 Find X3 镜黑 8G+128G 标配【默认礼+两年保修+晒单返50】  4499.00
D:\Ankang\Document\1000phone\node\spider\images/02833d7ad8923fce.jpg  vivo iQOO U3x 高通骁龙八核强芯 5000mAh大电池 90Hz竞速屏 双模5G全网通 8GB+128GB 幻蓝 iqoou3x  1499.00
D:\Ankang\Document\1000phone\node\spider\images/21cc5f7bd5b38454.jpg  京品手机	
Redmi K30S 至尊纪念版 双模5G 骁龙865 144HzLCD旗舰屏幕 8GB+256GB 月光银 游戏手机 小米 红米  2499.00
D:\Ankang\Document\1000phone\node\spider\images/bb4d854e230a6b2c.jpg  京品手机	
realme 真我Q2 4800万像素 120Hz畅速屏 双5G天玑800U 冲浪蓝孩 6GB+128GB 30W闪充 手机 OPPO提供售后支持  1299.00
D:\Ankang\Document\1000phone\node\spider\images/9a28034971309f0d.jpg  荣耀V40轻奢版 5G 超级快充 6400万超清四摄 8GB+128GB钛空银 移动联通电信5G 双卡双待手机  2989.00
D:\Ankang\Document\1000phone\node\spider\images/d97e87a41d16d226.jpg  OPPO K7x 双模5G 4800万四摄 5000mAh长续航 90Hz电竞屏 云之彼端 6GB+128GB 30W闪充 全网通游戏智能手机  1399.00
D:\Ankang\Document\1000phone\node\spider\images/d57b22a37a1b2c5f.jpg  诺基亚 NOKIA 215 4G 移动联通电信三网4G 黑色 直板按键 双卡双待 备用功能机 老人老年手机 学生备用机  289.00
D:\Ankang\Document\1000phone\node\spider\images/cfc4e2bed8aa8cb6.jpg  小米Redmi 红米Note9 5G手机【8重好礼】全网通 6G+128G 云墨灰  官方标配  1249.00
D:\Ankang\Document\1000phone\node\spider\images/234caabb0e6aec49.jpg  Apple iPhone 12 Pro Max (A2412) 256GB 海蓝色 支持移动联通电信5G 双卡双待手机  10099.00
D:\Ankang\Document\1000phone\node\spider\images/3717b79161ec0cff.jpg  京品手机	
realme 真我Q3 骁龙750G 120Hz可变帧电竞屏 30W智慧闪充 5000mAh大电池 迷幻银 8GB+128GB realmeq3双5G手机  1399.00
D:\Ankang\Document\1000phone\node\spider\images/b8f492e316a04daf.jpg  vivo iQOO Neo5 高通骁龙870独立显示芯片 66W闪充 双模5G 电竞游戏智能手机 12GB 256GB夜影黑 官方标配  2999.00
D:\Ankang\Document\1000phone\node\spider\images/cf20de24eb0e67a6.jpg  Apple iPhone 12 (A2404) 128GB 白色 支持移动联通电信5G 双卡双待手机  6799.00
D:\Ankang\Document\1000phone\node\spider\images/5b33ac76b2aaea9b.jpg  Redmi 9A 5000mAh大电量 大屏幕大字体大音量 1300万AI相机 八核处理器 人脸解锁 4GB+64GB 砂石黑 游戏智能手机 小米 红米  599.00
D:\Ankang\Document\1000phone\node\spider\images/f60a95a9f1731200.jpg  京品手机	
Apple iPhone 11 (A2223) 128GB 白色 移动联通电信4G手机 双卡双待  4799.00
D:\Ankang\Document\1000phone\node\spider\images/b0fe4cfb07693742.jpg  Redmi Note 9 5G 天玑800U  18W快充 4800万超清三摄 云墨灰 6GB+128GB 游戏智能手机 小米 红米  1299.00
D:\Ankang\Document\1000phone\node\spider\images/67c387e1d0dc5c83.jpg  Redmi Note 9 4G 6000mAh大电池 骁龙662处理器  18W快充 羽墨黑 6GB+128GB 游戏智能手机 小米 红米  1049.00
D:\Ankang\Document\1000phone\node\spider\images/9ad5c0befcfae280.jpg  OPPO Reno5 5G 6400万水光人像四摄 65W超级闪充  12+256GB 星河入梦 全网通手机  2899.00
D:\Ankang\Document\1000phone\node\spider\images/1f4098b39c01c1f5.jpg  硕王SAILF M12pro 6.8英寸超薄侧指纹安卓智能手机 8+128G全网通 微Q多开老人界面 亮黑色【8+128GB】  689.00
D:\Ankang\Document\1000phone\node\spider\images/c8eeec682065f910.jpg  realme 真我GT Neo 天玑1200 6400万索尼主摄 50W智慧闪充 仅179g 最终幻想 12GB+256GB 双5g游戏手机GTNeo  2299.00
D:\Ankang\Document\1000phone\node\spider\images/ea6f19f4acfd3a67.jpg  vivo iQOO Neo5 12GB+256GB 像素橙 骁龙870 独立显示芯片 66W闪充 专业电竞游戏手机 双模5G全网通iqooneo5  2969.00
D:\Ankang\Document\1000phone\node\spider\images/940b58b8b0e3bfd8.jpg  荣耀畅玩20 5000mAh超大电池续航 6.5英寸大屏  莱茵护眼 6GB+128GB 极光蓝 双卡双待 全网通  1099.00
D:\Ankang\Document\1000phone\node\spider\images/a2e900f693d6e973.jpg  Redmi Note 9 Pro 5G 一亿像素 骁龙750G 33W快充 120Hz刷新率 湖光秋色 8GB+128GB 游戏智能手机 小米 红米  1699.00
D:\Ankang\Document\1000phone\node\spider\images/70d9cc2f3507c418.jpg  vivo iQOO 7 12GB+256GB 传奇版 骁龙888 120W超快闪充 KPL官方赛事电竞手机 双模5G全网通vivoiqoo7  4198.00
D:\Ankang\Document\1000phone\node\spider\images/b65214092f9277e0.jpg  朵唯（DOOV）P9 Pro全网通128G智能手机 双待双待 智能游戏手机学生手机 天空之境【8GB+128G】  699.00
D:\Ankang\Document\1000phone\node\spider\images/3fe355e37a476b50.jpg  OPPO Find X3 pro新品手机 【24期免息】 5G全网通 曲面屏手机 findx2升级款 Find X3 镜黑 8G+128G 标配【默认礼+两年保修+晒单返50】  4499.00
D:\Ankang\Document\1000phone\node\spider\images/9a28034971309f0d.jpg  荣耀V40轻奢版 5G 超级快充 6400万超清四摄 8GB+128GB钛空银 移动联通电信5G 双卡双待手机  2989.00
D:\Ankang\Document\1000phone\node\spider\images/31f676065e72b1bf.jpg  Redmi K40 旗舰骁龙870 三星AMOLED 120Hz高刷直屏 4800万高清三摄相机 33W快充 8GB+128GB 晴雪 游戏电竞智能5G手机 小米 红米  2199.00
D:\Ankang\Document\1000phone\node\spider\images/a46c3b6509a38d51.jpg  vivo iQOO Z3 8GB+128GB 深空 高通骁龙768G 55W闪充 120Hz高刷竞速屏 6400万三摄 双模5G全网通手机iqooz3  1749.00
D:\Ankang\Document\1000phone\node\spider\images/bb4d854e230a6b2c.jpg  京品手机	
realme 真我Q2 4800万像素 120Hz畅速屏 双5G天玑800U 冲浪蓝孩 6GB+128GB 30W闪充 手机 OPPO提供售后支持  1299.00
D:\Ankang\Document\1000phone\node\spider\images/21cc5f7bd5b38454.jpg  京品手机	
Redmi K30S 至尊纪念版 双模5G 骁龙865 144HzLCD旗舰屏幕 8GB+256GB 月光银 游戏手机 小米 红米  2499.00
D:\Ankang\Document\1000phone\node\spider\images/16bbd8b83bd11b9e.jpg  OPPO A93 8+256GB 极光 骁龙双模5G 超大存储 5000mAh大电池 18W疾速快充 90Hz高刷屏 4800万三摄 全面屏手机  1999.00
D:\Ankang\Document\1000phone\node\spider\images/d396a45c2b2870bd.jpg  小辣椒X11Pro安卓全网通新款水滴大屏人脸指纹识别双卡双待超薄一体老人拍照学生智能手机实用便宜 透明版 全网通（8G+256G）  879.00
D:\Ankang\Document\1000phone\node\spider\images/940d43d5f4e23d35.jpg  京品手机	
Redmi Note8 4800万全场景四摄 4000mAh长续航 高通骁龙665 18W快充 小金刚品质保证 6GB+128GB 皓月白 游戏智能手机 小米 红米  999.00
D:\Ankang\Document\1000phone\node\spider\images/d57b22a37a1b2c5f.jpg  诺基亚 NOKIA 215 4G 移动联通电信三网4G 黑色 直板按键 双卡双待 备用功能机 老人老年手机 学生备用机  289.00
D:\Ankang\Document\1000phone\node\spider\images/56b4eabc00aa04c8.jpg  京品手机	
荣耀Play5T活力版 超级快充 5000mAh大电池 6.6英寸全面屏 全网通6GB+128GB极光蓝  1299.00
D:\Ankang\Document\1000phone\node\spider\images/3717b79161ec0cff.jpg  京品手机	
realme 真我Q3 骁龙750G 120Hz可变帧电竞屏 30W智慧闪充 5000mAh大电池 迷幻银 8GB+128GB realmeq3双5G手机  1399.00
D:\Ankang\Document\1000phone\node\spider\images/234caabb0e6aec49.jpg  Apple iPhone 12 Pro Max (A2412) 256GB 海蓝色 支持移动联通电信5G 双卡双待手机  10099.00
D:\Ankang\Document\1000phone\node\spider\images/d97e87a41d16d226.jpg  OPPO K7x 双模5G 4800万四摄 5000mAh长续航 90Hz电竞屏 云之彼端 6GB+128GB 30W闪充 全网通游戏智能手机  1399.00
D:\Ankang\Document\1000phone\node\spider\images/cfc4e2bed8aa8cb6.jpg  小米Redmi 红米Note9 5G手机【8重好礼】全网通 6G+128G 云墨灰  官方标配  1249.00
D:\Ankang\Document\1000phone\node\spider\images/02833d7ad8923fce.jpg  vivo iQOO U3x 高通骁龙八核强芯 5000mAh大电池 90Hz竞速屏 双模5G全网通 8GB+128GB 幻蓝 iqoou3x  1499.00
D:\Ankang\Document\1000phone\node\spider\images/b8f492e316a04daf.jpg  vivo iQOO Neo5 高通骁龙870独立显示芯片 66W闪充 双模5G 电竞游戏智能手机 12GB 256GB夜影黑 官方标配  2999.00
D:\Ankang\Document\1000phone\node\spider\images/f60a95a9f1731200.jpg  京品手机	
Apple iPhone 11 (A2223) 128GB 白色 移动联通电信4G手机 双卡双待  4799.00
D:\Ankang\Document\1000phone\node\spider\images/67c387e1d0dc5c83.jpg  Redmi Note 9 4G 6000mAh大电池 骁龙662处理器  18W快充 羽墨黑 6GB+128GB 游戏智能手机 小米 红米  1049.00
D:\Ankang\Document\1000phone\node\spider\images/5b33ac76b2aaea9b.jpg  Redmi 9A 5000mAh大电量 大屏幕大字体大音量 1300万AI相机 八核处理器 人脸解锁 4GB+64GB 砂石黑 游戏智能手机 小米 红米  599.00
D:\Ankang\Document\1000phone\node\spider\images/c8eeec682065f910.jpg  realme 真我GT Neo 天玑1200 6400万索尼主摄 50W智慧闪充 仅179g 最终幻想 12GB+256GB 双5g游戏手机GTNeo  2299.00
D:\Ankang\Document\1000phone\node\spider\images/cf20de24eb0e67a6.jpg  Apple iPhone 12 (A2404) 128GB 白色 支持移动联通电信5G 双卡双待手机  6799.00
D:\Ankang\Document\1000phone\node\spider\images/1f4098b39c01c1f5.jpg  硕王SAILF M12pro 6.8英寸超薄侧指纹安卓智能手机 8+128G全网通 微Q多开老人界面 亮黑色【8+128GB】  689.00
D:\Ankang\Document\1000phone\node\spider\images/b0fe4cfb07693742.jpg  Redmi Note 9 5G 天玑800U  18W快充 4800万超清三摄 云墨灰 6GB+128GB 游戏智能手机 小米 红米  1299.00
D:\Ankang\Document\1000phone\node\spider\images/9ad5c0befcfae280.jpg  OPPO Reno5 5G 6400万水光人像四摄 65W超级闪充  12+256GB 星河入梦 全网通手机  2899.00
D:\Ankang\Document\1000phone\node\spider\images/b8f492e316a04daf.jpg  vivo iQOO Neo5 高通骁龙870独立显示芯片 66W闪充 双模5G 电竞游戏智能手机 12GB 256GB夜影黑 官方标配  2999.00
D:\Ankang\Document\1000phone\node\spider\images/56b4eabc00aa04c8.jpg  京品手机	
荣耀Play5T活力版 超级快充 5000mAh大电池 6.6英寸全面屏 全网通6GB+128GB极光蓝  1299.00
D:\Ankang\Document\1000phone\node\spider\images/8cadabebb7f39687.jpg  小米Redmi 红米Note9 手机【8重好礼】4G全网通 4G+128G 羽墨黑 官方标配  969.00
D:\Ankang\Document\1000phone\node\spider\images/21cc5f7bd5b38454.jpg  京品手机	
Redmi K30S 至尊纪念版 双模5G 骁龙865 144HzLCD旗舰屏幕 8GB+256GB 月光银 游戏手机 小米 红米  2499.00
D:\Ankang\Document\1000phone\node\spider\images/16bbd8b83bd11b9e.jpg  OPPO A93 8+256GB 极光 骁龙双模5G 超大存储 5000mAh大电池 18W疾速快充 90Hz高刷屏 4800万三摄 全面屏手机  1999.00
D:\Ankang\Document\1000phone\node\spider\images/31f676065e72b1bf.jpg  Redmi K40 旗舰骁龙870 三星AMOLED 120Hz高刷直屏 4800万高清三摄相机 33W快充 8GB+128GB 晴雪 游戏电竞智能5G手机 小米 红米  2199.00
D:\Ankang\Document\1000phone\node\spider\images/ea6f19f4acfd3a67.jpg  vivo iQOO Neo5 12GB+256GB 像素橙 骁龙870 独立显示芯片 66W闪充 专业电竞游戏手机 双模5G全网通iqooneo5  2969.00
D:\Ankang\Document\1000phone\node\spider\images/940d43d5f4e23d35.jpg  京品手机	
Redmi Note8 4800万全场景四摄 4000mAh长续航 高通骁龙665 18W快充 小金刚品质保证 6GB+128GB 皓月白 游戏智能手机 小米 红米  999.00
D:\Ankang\Document\1000phone\node\spider\images/940b58b8b0e3bfd8.jpg  荣耀畅玩20 5000mAh超大电池续航 6.5英寸大屏  莱茵护眼 6GB+128GB 极光蓝 双卡双待 全网通  1099.00
D:\Ankang\Document\1000phone\node\spider\images/b65214092f9277e0.jpg  朵唯（DOOV）P9 Pro全网通128G智能手机 双待双待 智能游戏手机学生手机 天空之境【8GB+128G】  699.00
D:\Ankang\Document\1000phone\node\spider\images/a46c3b6509a38d51.jpg  vivo iQOO Z3 8GB+128GB 深空 高通骁龙768G 55W闪充 120Hz高刷竞速屏 6400万三摄 双模5G全网通手机iqooz3  1749.00
D:\Ankang\Document\1000phone\node\spider\images/9a28034971309f0d.jpg  荣耀V40轻奢版 5G 超级快充 6400万超清四摄 8GB+128GB钛空银 移动联通电信5G 双卡双待手机  2989.00
D:\Ankang\Document\1000phone\node\spider\images/70d9cc2f3507c418.jpg  vivo iQOO 7 12GB+256GB 传奇版 骁龙888 120W超快闪充 KPL官方赛事电竞手机 双模5G全网通vivoiqoo7  4198.00
D:\Ankang\Document\1000phone\node\spider\images/bb4d854e230a6b2c.jpg  京品手机	
realme 真我Q2 4800万像素 120Hz畅速屏 双5G天玑800U 冲浪蓝孩 6GB+128GB 30W闪充 手机 OPPO提供售后支持  1299.00
D:\Ankang\Document\1000phone\node\spider\images/a2e900f693d6e973.jpg  Redmi Note 9 Pro 5G 一亿像素 骁龙750G 33W快充 120Hz刷新率 湖光秋色 8GB+128GB 游戏智能手机 小米 红米  1699.00
D:\Ankang\Document\1000phone\node\spider\images/3717b79161ec0cff.jpg  京品手机	
realme 真我Q3 骁龙750G 120Hz可变帧电竞屏 30W智慧闪充 5000mAh大电池 迷幻银 8GB+128GB realmeq3双5G手机  1399.00
D:\Ankang\Document\1000phone\node\spider\images/cfc4e2bed8aa8cb6.jpg  小米Redmi 红米Note9 5G手机【8重好礼】全网通 6G+128G 云墨灰  官方标配  1249.00
D:\Ankang\Document\1000phone\node\spider\images/02833d7ad8923fce.jpg  vivo iQOO U3x 高通骁龙八核强芯 5000mAh大电池 90Hz竞速屏 双模5G全网通 8GB+128GB 幻蓝 iqoou3x  1499.00
D:\Ankang\Document\1000phone\node\spider\images/d97e87a41d16d226.jpg  OPPO K7x 双模5G 4800万四摄 5000mAh长续航 90Hz电竞屏 云之彼端 6GB+128GB 30W闪充 全网通游戏智能手机  1399.00
D:\Ankang\Document\1000phone\node\spider\images/d396a45c2b2870bd.jpg  小辣椒X11Pro安卓全网通新款水滴大屏人脸指纹识别双卡双待超薄一体老人拍照学生智能手机实用便宜 透明版 全网通（8G+256G）  879.00
D:\Ankang\Document\1000phone\node\spider\images/234caabb0e6aec49.jpg  Apple iPhone 12 Pro Max (A2412) 256GB 海蓝色 支持移动联通电信5G 双卡双待手机  10099.00
D:\Ankang\Document\1000phone\node\spider\images/56c188efc0fdd540.jpg  华为nova8 5G 手机 8号色 全网通(8G+128G)+原装碎屏险套餐  3799.00
D:\Ankang\Document\1000phone\node\spider\images/f60a95a9f1731200.jpg  京品手机	
Apple iPhone 11 (A2223) 128GB 白色 移动联通电信4G手机 双卡双待  4799.00
D:\Ankang\Document\1000phone\node\spider\images/b0fe4cfb07693742.jpg  Redmi Note 9 5G 天玑800U  18W快充 4800万超清三摄 云墨灰 6GB+128GB 游戏智能手机 小米 红米  1299.00
D:\Ankang\Document\1000phone\node\spider\images/1f4098b39c01c1f5.jpg  硕王SAILF M12pro 6.8英寸超薄侧指纹安卓智能手机 8+128G全网通 微Q多开老人界面 亮黑色【8+128GB】  689.00
D:\Ankang\Document\1000phone\node\spider\images/8cadabebb7f39687.jpg  小米Redmi 红米Note9 手机【8重好礼】4G全网通 4G+128G 羽墨黑 官方标配  969.00
D:\Ankang\Document\1000phone\node\spider\images/5b33ac76b2aaea9b.jpg  Redmi 9A 5000mAh大电量 大屏幕大字体大音量 1300万AI相机 八核处理器 人脸解锁 4GB+64GB 砂石黑 游戏智能手机 小米 红米  599.00
D:\Ankang\Document\1000phone\node\spider\images/67c387e1d0dc5c83.jpg  Redmi Note 9 4G 6000mAh大电池 骁龙662处理器  18W快充 羽墨黑 6GB+128GB 游戏智能手机 小米 红米  1049.00
D:\Ankang\Document\1000phone\node\spider\images/cf20de24eb0e67a6.jpg  Apple iPhone 12 (A2404) 128GB 白色 支持移动联通电信5G 双卡双待手机  6799.00
D:\Ankang\Document\1000phone\node\spider\images/a2e900f693d6e973.jpg  Redmi Note 9 Pro 5G 一亿像素 骁龙750G 33W快充 120Hz刷新率 湖光秋色 8GB+128GB 游戏智能手机 小米 红米  1699.00
D:\Ankang\Document\1000phone\node\spider\images/940d43d5f4e23d35.jpg  京品手机	
Redmi Note8 4800万全场景四摄 4000mAh长续航 高通骁龙665 18W快充 小金刚品质保证 6GB+128GB 皓月白 游戏智能手机 小米 红米  999.00
D:\Ankang\Document\1000phone\node\spider\images/9ad5c0befcfae280.jpg  OPPO Reno5 5G 6400万水光人像四摄 65W超级闪充  12+256GB 星河入梦 全网通手机  2899.00
D:\Ankang\Document\1000phone\node\spider\images/9a28034971309f0d.jpg  荣耀V40轻奢版 5G 超级快充 6400万超清四摄 8GB+128GB钛空银 移动联通电信5G 双卡双待手机  2989.00
D:\Ankang\Document\1000phone\node\spider\images/b8f492e316a04daf.jpg  vivo iQOO Neo5 高通骁龙870独立显示芯片 66W闪充 双模5G 电竞游戏智能手机 12GB 256GB夜影黑 官方标配  2999.00
D:\Ankang\Document\1000phone\node\spider\images/02833d7ad8923fce.jpg  vivo iQOO U3x 高通骁龙八核强芯 5000mAh大电池 90Hz竞速屏 双模5G全网通 8GB+128GB 幻蓝 iqoou3x  1499.00
D:\Ankang\Document\1000phone\node\spider\images/ea6f19f4acfd3a67.jpg  vivo iQOO Neo5 12GB+256GB 像素橙 骁龙870 独立显示芯片 66W闪充 专业电竞游戏手机 双模5G全网通iqooneo5  2969.00
D:\Ankang\Document\1000phone\node\spider\images/21cc5f7bd5b38454.jpg  京品手机	
Redmi K30S 至尊纪念版 双模5G 骁龙865 144HzLCD旗舰屏幕 8GB+256GB 月光银 游戏手机 小米 红米  2499.00
D:\Ankang\Document\1000phone\node\spider\images/31f676065e72b1bf.jpg  Redmi K40 旗舰骁龙870 三星AMOLED 120Hz高刷直屏 4800万高清三摄相机 33W快充 8GB+128GB 晴雪 游戏电竞智能5G手机 小米 红米  2199.00
D:\Ankang\Document\1000phone\node\spider\images/70d9cc2f3507c418.jpg  vivo iQOO 7 12GB+256GB 传奇版 骁龙888 120W超快闪充 KPL官方赛事电竞手机 双模5G全网通vivoiqoo7  4198.00
D:\Ankang\Document\1000phone\node\spider\images/234caabb0e6aec49.jpg  Apple iPhone 12 Pro Max (A2412) 256GB 海蓝色 支持移动联通电信5G 双卡双待手机  10099.00
D:\Ankang\Document\1000phone\node\spider\images/56b4eabc00aa04c8.jpg  京品手机	
荣耀Play5T活力版 超级快充 5000mAh大电池 6.6英寸全面屏 全网通6GB+128GB极光蓝  1299.00
D:\Ankang\Document\1000phone\node\spider\images/d396a45c2b2870bd.jpg  小辣椒X11Pro安卓全网通新款水滴大屏人脸指纹识别双卡双待超薄一体老人拍照学生智能手机实用便宜 透明版 全网通（8G+256G）  879.00
D:\Ankang\Document\1000phone\node\spider\images/3717b79161ec0cff.jpg  京品手机	
realme 真我Q3 骁龙750G 120Hz可变帧电竞屏 30W智慧闪充 5000mAh大电池 迷幻银 8GB+128GB realmeq3双5G手机  1399.00
D:\Ankang\Document\1000phone\node\spider\images/16bbd8b83bd11b9e.jpg  OPPO A93 8+256GB 极光 骁龙双模5G 超大存储 5000mAh大电池 18W疾速快充 90Hz高刷屏 4800万三摄 全面屏手机  1999.00
D:\Ankang\Document\1000phone\node\spider\images/cfc4e2bed8aa8cb6.jpg  小米Redmi 红米Note9 5G手机【8重好礼】全网通 6G+128G 云墨灰  官方标配  1249.00
D:\Ankang\Document\1000phone\node\spider\images/bb4d854e230a6b2c.jpg  京品手机	
realme 真我Q2 4800万像素 120Hz畅速屏 双5G天玑800U 冲浪蓝孩 6GB+128GB 30W闪充 手机 OPPO提供售后支持  1299.00
D:\Ankang\Document\1000phone\node\spider\images/b65214092f9277e0.jpg  朵唯（DOOV）P9 Pro全网通128G智能手机 双待双待 智能游戏手机学生手机 天空之境【8GB+128G】  699.00
D:\Ankang\Document\1000phone\node\spider\images/c8eeec682065f910.jpg  realme 真我GT Neo 天玑1200 6400万索尼主摄 50W智慧闪充 仅179g 最终幻想 12GB+256GB 双5g游戏手机GTNeo  2299.00
D:\Ankang\Document\1000phone\node\spider\images/940b58b8b0e3bfd8.jpg  荣耀畅玩20 5000mAh超大电池续航 6.5英寸大屏  莱茵护眼 6GB+128GB 极光蓝 双卡双待 全网通  1099.00
D:\Ankang\Document\1000phone\node\spider\images/d97e87a41d16d226.jpg  OPPO K7x 双模5G 4800万四摄 5000mAh长续航 90Hz电竞屏 云之彼端 6GB+128GB 30W闪充 全网通游戏智能手机  1399.00
D:\Ankang\Document\1000phone\node\spider\images/3fe355e37a476b50.jpg  OPPO Find X3 pro新品手机 【24期免息】 5G全网通 曲面屏手机 findx2升级款 Find X3 镜黑 8G+128G 标配【默认礼+两年保修+晒单返50】  4499.00
D:\Ankang\Document\1000phone\node\spider\images/a46c3b6509a38d51.jpg  vivo iQOO Z3 8GB+128GB 深空 高通骁龙768G 55W闪充 120Hz高刷竞速屏 6400万三摄 双模5G全网通手机iqooz3  1749.00
D:\Ankang\Document\1000phone\node\spider\images/1f4098b39c01c1f5.jpg  硕王SAILF M12pro 6.8英寸超薄侧指纹安卓智能手机 8+128G全网通 微Q多开老人界面 亮黑色【8+128GB】  689.00
D:\Ankang\Document\1000phone\node\spider\images/9ad5c0befcfae280.jpg  OPPO Reno5 5G 6400万水光人像四摄 65W超级闪充  12+256GB 星河入梦 全网通手机  2899.00
D:\Ankang\Document\1000phone\node\spider\images/f60a95a9f1731200.jpg  京品手机	
Apple iPhone 11 (A2223) 128GB 白色 移动联通电信4G手机 双卡双待  4799.00
D:\Ankang\Document\1000phone\node\spider\images/b0fe4cfb07693742.jpg  Redmi Note 9 5G 天玑800U  18W快充 4800万超清三摄 云墨灰 6GB+128GB 游戏智能手机 小米 红米  1299.00
D:\Ankang\Document\1000phone\node\spider\images/d97e87a41d16d226.jpg  OPPO K7x 双模5G 4800万四摄 5000mAh长续航 90Hz电竞屏 云之彼端 6GB+128GB 30W闪充 全网通游戏智能手机  1399.00
D:\Ankang\Document\1000phone\node\spider\images/5b33ac76b2aaea9b.jpg  Redmi 9A 5000mAh大电量 大屏幕大字体大音量 1300万AI相机 八核处理器 人脸解锁 4GB+64GB 砂石黑 游戏智能手机 小米 红米  599.00
D:\Ankang\Document\1000phone\node\spider\images/b65214092f9277e0.jpg  朵唯（DOOV）P9 Pro全网通128G智能手机 双待双待 智能游戏手机学生手机 天空之境【8GB+128G】  699.00
D:\Ankang\Document\1000phone\node\spider\images/cf20de24eb0e67a6.jpg  Apple iPhone 12 (A2404) 128GB 白色 支持移动联通电信5G 双卡双待手机  6799.00
D:\Ankang\Document\1000phone\node\spider\images/56b4eabc00aa04c8.jpg  京品手机	
荣耀Play5T活力版 超级快充 5000mAh大电池 6.6英寸全面屏 全网通6GB+128GB极光蓝  1299.00
D:\Ankang\Document\1000phone\node\spider\images/a2e900f693d6e973.jpg  Redmi Note 9 Pro 5G 一亿像素 骁龙750G 33W快充 120Hz刷新率 湖光秋色 8GB+128GB 游戏智能手机 小米 红米  1699.00
D:\Ankang\Document\1000phone\node\spider\images/70d9cc2f3507c418.jpg  vivo iQOO 7 12GB+256GB 传奇版 骁龙888 120W超快闪充 KPL官方赛事电竞手机 双模5G全网通vivoiqoo7  4198.00
D:\Ankang\Document\1000phone\node\spider\images/940b58b8b0e3bfd8.jpg  荣耀畅玩20 5000mAh超大电池续航 6.5英寸大屏  莱茵护眼 6GB+128GB 极光蓝 双卡双待 全网通  1099.00
D:\Ankang\Document\1000phone\node\spider\images/d57b22a37a1b2c5f.jpg  诺基亚 NOKIA 215 4G 移动联通电信三网4G 黑色 直板按键 双卡双待 备用功能机 老人老年手机 学生备用机  289.00
D:\Ankang\Document\1000phone\node\spider\images/ea6f19f4acfd3a67.jpg  vivo iQOO Neo5 12GB+256GB 像素橙 骁龙870 独立显示芯片 66W闪充 专业电竞游戏手机 双模5G全网通iqooneo5  2969.00
D:\Ankang\Document\1000phone\node\spider\images/16bbd8b83bd11b9e.jpg  OPPO A93 8+256GB 极光 骁龙双模5G 超大存储 5000mAh大电池 18W疾速快充 90Hz高刷屏 4800万三摄 全面屏手机  1999.00
D:\Ankang\Document\1000phone\node\spider\images/c8eeec682065f910.jpg  realme 真我GT Neo 天玑1200 6400万索尼主摄 50W智慧闪充 仅179g 最终幻想 12GB+256GB 双5g游戏手机GTNeo  2299.00
D:\Ankang\Document\1000phone\node\spider\images/bb4d854e230a6b2c.jpg  京品手机	
realme 真我Q2 4800万像素 120Hz畅速屏 双5G天玑800U 冲浪蓝孩 6GB+128GB 30W闪充 手机 OPPO提供售后支持  1299.00
D:\Ankang\Document\1000phone\node\spider\images/31f676065e72b1bf.jpg  Redmi K40 旗舰骁龙870 三星AMOLED 120Hz高刷直屏 4800万高清三摄相机 33W快充 8GB+128GB 晴雪 游戏电竞智能5G手机 小米 红米  2199.00
D:\Ankang\Document\1000phone\node\spider\images/67c387e1d0dc5c83.jpg  Redmi Note 9 4G 6000mAh大电池 骁龙662处理器  18W快充 羽墨黑 6GB+128GB 游戏智能手机 小米 红米  1049.00
D:\Ankang\Document\1000phone\node\spider\images/21cc5f7bd5b38454.jpg  京品手机	
Redmi K30S 至尊纪念版 双模5G 骁龙865 144HzLCD旗舰屏幕 8GB+256GB 月光银 游戏手机 小米 红米  2499.00
D:\Ankang\Document\1000phone\node\spider\images/bd02139781951d42.jpg  华为Mate30EPro/Mate30pro可选 5G版 手机 亮黑 新款Mate30EPro全网通(8G+128G)  5299.00
D:\Ankang\Document\1000phone\node\spider\images/3717b79161ec0cff.jpg  京品手机	
realme 真我Q3 骁龙750G 120Hz可变帧电竞屏 30W智慧闪充 5000mAh大电池 迷幻银 8GB+128GB realmeq3双5G手机  1399.00
D:\Ankang\Document\1000phone\node\spider\images/9a28034971309f0d.jpg  荣耀V40轻奢版 5G 超级快充 6400万超清四摄 8GB+128GB钛空银 移动联通电信5G 双卡双待手机  2989.00
D:\Ankang\Document\1000phone\node\spider\images/a46c3b6509a38d51.jpg  vivo iQOO Z3 8GB+128GB 深空 高通骁龙768G 55W闪充 120Hz高刷竞速屏 6400万三摄 双模5G全网通手机iqooz3  1749.00
D:\Ankang\Document\1000phone\node\spider\images/cfc4e2bed8aa8cb6.jpg  小米Redmi 红米Note9 5G手机【8重好礼】全网通 6G+128G 云墨灰  官方标配  1249.00
D:\Ankang\Document\1000phone\node\spider\images/02833d7ad8923fce.jpg  vivo iQOO U3x 高通骁龙八核强芯 5000mAh大电池 90Hz竞速屏 双模5G全网通 8GB+128GB 幻蓝 iqoou3x  1499.00
D:\Ankang\Document\1000phone\node\spider\images/940d43d5f4e23d35.jpg  京品手机	
Redmi Note8 4800万全场景四摄 4000mAh长续航 高通骁龙665 18W快充 小金刚品质保证 6GB+128GB 皓月白 游戏智能手机 小米 红米  999.00
D:\Ankang\Document\1000phone\node\spider\images/234caabb0e6aec49.jpg  Apple iPhone 12 Pro Max (A2412) 256GB 海蓝色 支持移动联通电信5G 双卡双待手机  10099.00
D:\Ankang\Document\1000phone\node\spider\images/b8f492e316a04daf.jpg  vivo iQOO Neo5 高通骁龙870独立显示芯片 66W闪充 双模5G 电竞游戏智能手机 12GB 256GB夜影黑 官方标配  2999.00
D:\Ankang\Document\1000phone\node\spider\images/28b668fd3fe98dc8.jpg  小辣椒X11Pro安卓全网通新款水滴大屏人脸指纹识别双卡双待超薄一体老人拍照学生智能手机实用便宜 水晶绿 全网通（8G+256G）  879.00
